{"numFailedTestSuites":1,"numFailedTests":14,"numPassedTestSuites":0,"numPassedTests":28,"numPendingTestSuites":0,"numPendingTests":0,"numRuntimeErrorTestSuites":0,"numTodoTests":0,"numTotalTestSuites":1,"numTotalTests":42,"openHandles":[],"snapshot":{"added":0,"didUpdate":false,"failure":false,"filesAdded":0,"filesRemoved":0,"filesRemovedList":[],"filesUnmatched":0,"filesUpdated":0,"matched":0,"total":0,"unchecked":0,"uncheckedKeysByFile":[],"unmatched":0,"updated":0},"startTime":1748915738591,"success":false,"testResults":[{"assertionResults":[{"ancestorTitles":["Python to IGCSE Pseudocode Parser"],"duration":41,"failureDetails":[],"failureMessages":[],"fullName":"Python to IGCSE Pseudocode Parser should handle variable declarations","invocations":1,"location":null,"numPassingAsserts":1,"retryReasons":[],"status":"passed","title":"should handle variable declarations"},{"ancestorTitles":["Python to IGCSE Pseudocode Parser"],"duration":6,"failureDetails":[],"failureMessages":[],"fullName":"Python to IGCSE Pseudocode Parser should handle constants","invocations":1,"location":null,"numPassingAsserts":1,"retryReasons":[],"status":"passed","title":"should handle constants"},{"ancestorTitles":["Python to IGCSE Pseudocode Parser"],"duration":20,"failureDetails":[],"failureMessages":[],"fullName":"Python to IGCSE Pseudocode Parser should handle basic assignment","invocations":1,"location":null,"numPassingAsserts":1,"retryReasons":[],"status":"passed","title":"should handle basic assignment"},{"ancestorTitles":["Python to IGCSE Pseudocode Parser"],"duration":18,"failureDetails":[],"failureMessages":[],"fullName":"Python to IGCSE Pseudocode Parser should handle arithmetic operations","invocations":1,"location":null,"numPassingAsserts":1,"retryReasons":[],"status":"passed","title":"should handle arithmetic operations"},{"ancestorTitles":["Python to IGCSE Pseudocode Parser"],"duration":6,"failureDetails":[],"failureMessages":[],"fullName":"Python to IGCSE Pseudocode Parser should handle string concatenation","invocations":1,"location":null,"numPassingAsserts":1,"retryReasons":[],"status":"passed","title":"should handle string concatenation"},{"ancestorTitles":["Python to IGCSE Pseudocode Parser"],"duration":8,"failureDetails":[],"failureMessages":[],"fullName":"Python to IGCSE Pseudocode Parser should handle boolean operations","invocations":1,"location":null,"numPassingAsserts":1,"retryReasons":[],"status":"passed","title":"should handle boolean operations"},{"ancestorTitles":["Python to IGCSE Pseudocode Parser"],"duration":10,"failureDetails":[],"failureMessages":[],"fullName":"Python to IGCSE Pseudocode Parser should handle comparison operations","invocations":1,"location":null,"numPassingAsserts":1,"retryReasons":[],"status":"passed","title":"should handle comparison operations"},{"ancestorTitles":["Python to IGCSE Pseudocode Parser"],"duration":14,"failureDetails":[],"failureMessages":[],"fullName":"Python to IGCSE Pseudocode Parser should handle simple if statement","invocations":1,"location":null,"numPassingAsserts":1,"retryReasons":[],"status":"passed","title":"should handle simple if statement"},{"ancestorTitles":["Python to IGCSE Pseudocode Parser"],"duration":26,"failureDetails":[],"failureMessages":[],"fullName":"Python to IGCSE Pseudocode Parser should handle if-else statement","invocations":1,"location":null,"numPassingAsserts":1,"retryReasons":[],"status":"passed","title":"should handle if-else statement"},{"ancestorTitles":["Python to IGCSE Pseudocode Parser"],"duration":30,"failureDetails":[],"failureMessages":[],"fullName":"Python to IGCSE Pseudocode Parser should handle if-elif-else statement","invocations":1,"location":null,"numPassingAsserts":1,"retryReasons":[],"status":"passed","title":"should handle if-elif-else statement"},{"ancestorTitles":["Python to IGCSE Pseudocode Parser"],"duration":44,"failureDetails":[{"matcherResult":{"actual":["IF x > y THEN","IF x > z THEN","OUTPUT \"x is largest\"","ELSE","OUTPUT \"z is largest\"","ELSE","ENDIF","OUTPUT \"y might be largest\"","ENDIF","ENDIF"],"expected":["IF x > y THEN","IF x > z THEN","OUTPUT \"x is largest\"","ELSE","OUTPUT \"z is largest\"","ENDIF","ELSE","OUTPUT \"y might be largest\"","ENDIF"],"message":"\u001b[2mexpect(\u001b[22m\u001b[31mreceived\u001b[39m\u001b[2m).\u001b[22mtoEqual\u001b[2m(\u001b[22m\u001b[32mexpected\u001b[39m\u001b[2m) // deep equality\u001b[22m\n\n\u001b[32m- Expected  - 1\u001b[39m\n\u001b[31m+ Received  + 2\u001b[39m\n\n\u001b[33m@@ -2,10 +2,11 @@\u001b[39m\n\u001b[2m    \"IF x > y THEN\",\u001b[22m\n\u001b[2m    \"IF x > z THEN\",\u001b[22m\n\u001b[2m    \"OUTPUT \\\"x is largest\\\"\",\u001b[22m\n\u001b[2m    \"ELSE\",\u001b[22m\n\u001b[2m    \"OUTPUT \\\"z is largest\\\"\",\u001b[22m\n\u001b[32m-   \"ENDIF\",\u001b[39m\n\u001b[2m    \"ELSE\",\u001b[22m\n\u001b[31m+   \"ENDIF\",\u001b[39m\n\u001b[2m    \"OUTPUT \\\"y might be largest\\\"\",\u001b[22m\n\u001b[31m+   \"ENDIF\",\u001b[39m\n\u001b[2m    \"ENDIF\",\u001b[22m\n\u001b[2m  ]\u001b[22m","name":"toEqual","pass":false}}],"failureMessages":["Error: \u001b[2mexpect(\u001b[22m\u001b[31mreceived\u001b[39m\u001b[2m).\u001b[22mtoEqual\u001b[2m(\u001b[22m\u001b[32mexpected\u001b[39m\u001b[2m) // deep equality\u001b[22m\n\n\u001b[32m- Expected  - 1\u001b[39m\n\u001b[31m+ Received  + 2\u001b[39m\n\n\u001b[33m@@ -2,10 +2,11 @@\u001b[39m\n\u001b[2m    \"IF x > y THEN\",\u001b[22m\n\u001b[2m    \"IF x > z THEN\",\u001b[22m\n\u001b[2m    \"OUTPUT \\\"x is largest\\\"\",\u001b[22m\n\u001b[2m    \"ELSE\",\u001b[22m\n\u001b[2m    \"OUTPUT \\\"z is largest\\\"\",\u001b[22m\n\u001b[32m-   \"ENDIF\",\u001b[39m\n\u001b[2m    \"ELSE\",\u001b[22m\n\u001b[31m+   \"ENDIF\",\u001b[39m\n\u001b[2m    \"OUTPUT \\\"y might be largest\\\"\",\u001b[22m\n\u001b[31m+   \"ENDIF\",\u001b[39m\n\u001b[2m    \"ENDIF\",\u001b[22m\n\u001b[2m  ]\u001b[22m\n    at Object.<anonymous> (/Users/shuna/pseudocode-converter/__tests__/python-igcse-parser.test.ts:300:25)\n    at Promise.then.completed (/Users/shuna/pseudocode-converter/node_modules/jest-circus/build/utils.js:298:28)\n    at new Promise (<anonymous>)\n    at callAsyncCircusFn (/Users/shuna/pseudocode-converter/node_modules/jest-circus/build/utils.js:231:10)\n    at _callCircusTest (/Users/shuna/pseudocode-converter/node_modules/jest-circus/build/run.js:316:40)\n    at _runTest (/Users/shuna/pseudocode-converter/node_modules/jest-circus/build/run.js:252:3)\n    at _runTestsForDescribeBlock (/Users/shuna/pseudocode-converter/node_modules/jest-circus/build/run.js:126:9)\n    at _runTestsForDescribeBlock (/Users/shuna/pseudocode-converter/node_modules/jest-circus/build/run.js:121:9)\n    at run (/Users/shuna/pseudocode-converter/node_modules/jest-circus/build/run.js:71:3)\n    at runAndTransformResultsToJestFormat (/Users/shuna/pseudocode-converter/node_modules/jest-circus/build/legacy-code-todo-rewrite/jestAdapterInit.js:122:21)\n    at jestAdapter (/Users/shuna/pseudocode-converter/node_modules/jest-circus/build/legacy-code-todo-rewrite/jestAdapter.js:79:19)\n    at runTestInternal (/Users/shuna/pseudocode-converter/node_modules/jest-runner/build/runTest.js:367:16)\n    at runTest (/Users/shuna/pseudocode-converter/node_modules/jest-runner/build/runTest.js:444:34)"],"fullName":"Python to IGCSE Pseudocode Parser should handle nested if statements","invocations":1,"location":null,"numPassingAsserts":0,"retryReasons":[],"status":"failed","title":"should handle nested if statements"},{"ancestorTitles":["Python to IGCSE Pseudocode Parser"],"duration":13,"failureDetails":[],"failureMessages":[],"fullName":"Python to IGCSE Pseudocode Parser should handle for loop with range","invocations":1,"location":null,"numPassingAsserts":1,"retryReasons":[],"status":"passed","title":"should handle for loop with range"},{"ancestorTitles":["Python to IGCSE Pseudocode Parser"],"duration":12,"failureDetails":[],"failureMessages":[],"fullName":"Python to IGCSE Pseudocode Parser should handle for loop with step","invocations":1,"location":null,"numPassingAsserts":1,"retryReasons":[],"status":"passed","title":"should handle for loop with step"},{"ancestorTitles":["Python to IGCSE Pseudocode Parser"],"duration":12,"failureDetails":[],"failureMessages":[],"fullName":"Python to IGCSE Pseudocode Parser should handle for loop with positive step","invocations":1,"location":null,"numPassingAsserts":1,"retryReasons":[],"status":"passed","title":"should handle for loop with positive step"},{"ancestorTitles":["Python to IGCSE Pseudocode Parser"],"duration":12,"failureDetails":[],"failureMessages":[],"fullName":"Python to IGCSE Pseudocode Parser should handle for loop over collection","invocations":1,"location":null,"numPassingAsserts":1,"retryReasons":[],"status":"passed","title":"should handle for loop over collection"},{"ancestorTitles":["Python to IGCSE Pseudocode Parser"],"duration":13,"failureDetails":[],"failureMessages":[],"fullName":"Python to IGCSE Pseudocode Parser should handle while loop","invocations":1,"location":null,"numPassingAsserts":1,"retryReasons":[],"status":"passed","title":"should handle while loop"},{"ancestorTitles":["Python to IGCSE Pseudocode Parser"],"duration":19,"failureDetails":[],"failureMessages":[],"fullName":"Python to IGCSE Pseudocode Parser should handle while loop with complex condition","invocations":1,"location":null,"numPassingAsserts":1,"retryReasons":[],"status":"passed","title":"should handle while loop with complex condition"},{"ancestorTitles":["Python to IGCSE Pseudocode Parser"],"duration":15,"failureDetails":[],"failureMessages":[],"fullName":"Python to IGCSE Pseudocode Parser should handle function definition","invocations":1,"location":null,"numPassingAsserts":1,"retryReasons":[],"status":"passed","title":"should handle function definition"},{"ancestorTitles":["Python to IGCSE Pseudocode Parser"],"duration":15,"failureDetails":[{"matcherResult":{"actual":["FUNCTION Add(x : STRING, y : STRING) RETURNS INTEGER","RETURN x + y","ENDFUNCTION"],"expected":["FUNCTION Add(x : INTEGER, y : INTEGER) RETURNS INTEGER","RETURN x + y","ENDFUNCTION"],"message":"\u001b[2mexpect(\u001b[22m\u001b[31mreceived\u001b[39m\u001b[2m).\u001b[22mtoEqual\u001b[2m(\u001b[22m\u001b[32mexpected\u001b[39m\u001b[2m) // deep equality\u001b[22m\n\n\u001b[32m- Expected  - 1\u001b[39m\n\u001b[31m+ Received  + 1\u001b[39m\n\n\u001b[2m  Array [\u001b[22m\n\u001b[32m-   \"FUNCTION Add(x : INTEGER, y : INTEGER) RETURNS INTEGER\",\u001b[39m\n\u001b[31m+   \"FUNCTION Add(x : STRING, y : STRING) RETURNS INTEGER\",\u001b[39m\n\u001b[2m    \"RETURN x + y\",\u001b[22m\n\u001b[2m    \"ENDFUNCTION\",\u001b[22m\n\u001b[2m  ]\u001b[22m","name":"toEqual","pass":false}}],"failureMessages":["Error: \u001b[2mexpect(\u001b[22m\u001b[31mreceived\u001b[39m\u001b[2m).\u001b[22mtoEqual\u001b[2m(\u001b[22m\u001b[32mexpected\u001b[39m\u001b[2m) // deep equality\u001b[22m\n\n\u001b[32m- Expected  - 1\u001b[39m\n\u001b[31m+ Received  + 1\u001b[39m\n\n\u001b[2m  Array [\u001b[22m\n\u001b[32m-   \"FUNCTION Add(x : INTEGER, y : INTEGER) RETURNS INTEGER\",\u001b[39m\n\u001b[31m+   \"FUNCTION Add(x : STRING, y : STRING) RETURNS INTEGER\",\u001b[39m\n\u001b[2m    \"RETURN x + y\",\u001b[22m\n\u001b[2m    \"ENDFUNCTION\",\u001b[22m\n\u001b[2m  ]\u001b[22m\n    at Object.<anonymous> (/Users/shuna/pseudocode-converter/__tests__/python-igcse-parser.test.ts:496:25)\n    at Promise.then.completed (/Users/shuna/pseudocode-converter/node_modules/jest-circus/build/utils.js:298:28)\n    at new Promise (<anonymous>)\n    at callAsyncCircusFn (/Users/shuna/pseudocode-converter/node_modules/jest-circus/build/utils.js:231:10)\n    at _callCircusTest (/Users/shuna/pseudocode-converter/node_modules/jest-circus/build/run.js:316:40)\n    at _runTest (/Users/shuna/pseudocode-converter/node_modules/jest-circus/build/run.js:252:3)\n    at _runTestsForDescribeBlock (/Users/shuna/pseudocode-converter/node_modules/jest-circus/build/run.js:126:9)\n    at _runTestsForDescribeBlock (/Users/shuna/pseudocode-converter/node_modules/jest-circus/build/run.js:121:9)\n    at run (/Users/shuna/pseudocode-converter/node_modules/jest-circus/build/run.js:71:3)\n    at runAndTransformResultsToJestFormat (/Users/shuna/pseudocode-converter/node_modules/jest-circus/build/legacy-code-todo-rewrite/jestAdapterInit.js:122:21)\n    at jestAdapter (/Users/shuna/pseudocode-converter/node_modules/jest-circus/build/legacy-code-todo-rewrite/jestAdapter.js:79:19)\n    at runTestInternal (/Users/shuna/pseudocode-converter/node_modules/jest-runner/build/runTest.js:367:16)\n    at runTest (/Users/shuna/pseudocode-converter/node_modules/jest-runner/build/runTest.js:444:34)"],"fullName":"Python to IGCSE Pseudocode Parser should handle function with return","invocations":1,"location":null,"numPassingAsserts":0,"retryReasons":[],"status":"failed","title":"should handle function with return"},{"ancestorTitles":["Python to IGCSE Pseudocode Parser"],"duration":33,"failureDetails":[],"failureMessages":[],"fullName":"Python to IGCSE Pseudocode Parser should handle function with multiple parameters and types","invocations":1,"location":null,"numPassingAsserts":1,"retryReasons":[],"status":"passed","title":"should handle function with multiple parameters and types"},{"ancestorTitles":["Python to IGCSE Pseudocode Parser"],"duration":11,"failureDetails":[{"matcherResult":{"actual":["result ← Add(5, 3)","// TODO: greet(\"John\")"],"expected":["result ← Add(5, 3)","CALL Greet(\"John\")"],"message":"\u001b[2mexpect(\u001b[22m\u001b[31mreceived\u001b[39m\u001b[2m).\u001b[22mtoEqual\u001b[2m(\u001b[22m\u001b[32mexpected\u001b[39m\u001b[2m) // deep equality\u001b[22m\n\n\u001b[32m- Expected  - 1\u001b[39m\n\u001b[31m+ Received  + 1\u001b[39m\n\n\u001b[2m  Array [\u001b[22m\n\u001b[2m    \"result ← Add(5, 3)\",\u001b[22m\n\u001b[32m-   \"CALL Greet(\\\"John\\\")\",\u001b[39m\n\u001b[31m+   \"// TODO: greet(\\\"John\\\")\",\u001b[39m\n\u001b[2m  ]\u001b[22m","name":"toEqual","pass":false}}],"failureMessages":["Error: \u001b[2mexpect(\u001b[22m\u001b[31mreceived\u001b[39m\u001b[2m).\u001b[22mtoEqual\u001b[2m(\u001b[22m\u001b[32mexpected\u001b[39m\u001b[2m) // deep equality\u001b[22m\n\n\u001b[32m- Expected  - 1\u001b[39m\n\u001b[31m+ Received  + 1\u001b[39m\n\n\u001b[2m  Array [\u001b[22m\n\u001b[2m    \"result ← Add(5, 3)\",\u001b[22m\n\u001b[32m-   \"CALL Greet(\\\"John\\\")\",\u001b[39m\n\u001b[31m+   \"// TODO: greet(\\\"John\\\")\",\u001b[39m\n\u001b[2m  ]\u001b[22m\n    at Object.<anonymous> (/Users/shuna/pseudocode-converter/__tests__/python-igcse-parser.test.ts:546:25)\n    at Promise.then.completed (/Users/shuna/pseudocode-converter/node_modules/jest-circus/build/utils.js:298:28)\n    at new Promise (<anonymous>)\n    at callAsyncCircusFn (/Users/shuna/pseudocode-converter/node_modules/jest-circus/build/utils.js:231:10)\n    at _callCircusTest (/Users/shuna/pseudocode-converter/node_modules/jest-circus/build/run.js:316:40)\n    at _runTest (/Users/shuna/pseudocode-converter/node_modules/jest-circus/build/run.js:252:3)\n    at _runTestsForDescribeBlock (/Users/shuna/pseudocode-converter/node_modules/jest-circus/build/run.js:126:9)\n    at _runTestsForDescribeBlock (/Users/shuna/pseudocode-converter/node_modules/jest-circus/build/run.js:121:9)\n    at run (/Users/shuna/pseudocode-converter/node_modules/jest-circus/build/run.js:71:3)\n    at runAndTransformResultsToJestFormat (/Users/shuna/pseudocode-converter/node_modules/jest-circus/build/legacy-code-todo-rewrite/jestAdapterInit.js:122:21)\n    at jestAdapter (/Users/shuna/pseudocode-converter/node_modules/jest-circus/build/legacy-code-todo-rewrite/jestAdapter.js:79:19)\n    at runTestInternal (/Users/shuna/pseudocode-converter/node_modules/jest-runner/build/runTest.js:367:16)\n    at runTest (/Users/shuna/pseudocode-converter/node_modules/jest-runner/build/runTest.js:444:34)"],"fullName":"Python to IGCSE Pseudocode Parser should handle function call","invocations":1,"location":null,"numPassingAsserts":0,"retryReasons":[],"status":"failed","title":"should handle function call"},{"ancestorTitles":["Python to IGCSE Pseudocode Parser"],"duration":35,"failureDetails":[{"matcherResult":{"actual":["","numbers.0 ← 1","numbers.1 ← 2","numbers.2 ← 3","numbers.3 ← 4","numbers.4 ← 5","first ← numbers[0]","numbers.1 ← 10"],"expected":["DECLARE numbers : ARRAY[0:4] OF STRING","numbers[0] ← \"1\"","numbers[1] ← \"2\"","numbers[2] ← \"3\"","numbers[3] ← \"4\"","numbers[4] ← \"5\"","first ← numbers[0]","numbers[1] ← \"10\""],"message":"\u001b[2mexpect(\u001b[22m\u001b[31mreceived\u001b[39m\u001b[2m).\u001b[22mtoEqual\u001b[2m(\u001b[22m\u001b[32mexpected\u001b[39m\u001b[2m) // deep equality\u001b[22m\n\n\u001b[32m- Expected  - 7\u001b[39m\n\u001b[31m+ Received  + 7\u001b[39m\n\n\u001b[2m  Array [\u001b[22m\n\u001b[32m-   \"DECLARE numbers : ARRAY[0:4] OF STRING\",\u001b[39m\n\u001b[32m-   \"numbers[0] ← \\\"1\\\"\",\u001b[39m\n\u001b[32m-   \"numbers[1] ← \\\"2\\\"\",\u001b[39m\n\u001b[32m-   \"numbers[2] ← \\\"3\\\"\",\u001b[39m\n\u001b[32m-   \"numbers[3] ← \\\"4\\\"\",\u001b[39m\n\u001b[32m-   \"numbers[4] ← \\\"5\\\"\",\u001b[39m\n\u001b[31m+   \"\",\u001b[39m\n\u001b[31m+   \"numbers.0 ← 1\",\u001b[39m\n\u001b[31m+   \"numbers.1 ← 2\",\u001b[39m\n\u001b[31m+   \"numbers.2 ← 3\",\u001b[39m\n\u001b[31m+   \"numbers.3 ← 4\",\u001b[39m\n\u001b[31m+   \"numbers.4 ← 5\",\u001b[39m\n\u001b[2m    \"first ← numbers[0]\",\u001b[22m\n\u001b[32m-   \"numbers[1] ← \\\"10\\\"\",\u001b[39m\n\u001b[31m+   \"numbers.1 ← 10\",\u001b[39m\n\u001b[2m  ]\u001b[22m","name":"toEqual","pass":false}}],"failureMessages":["Error: \u001b[2mexpect(\u001b[22m\u001b[31mreceived\u001b[39m\u001b[2m).\u001b[22mtoEqual\u001b[2m(\u001b[22m\u001b[32mexpected\u001b[39m\u001b[2m) // deep equality\u001b[22m\n\n\u001b[32m- Expected  - 7\u001b[39m\n\u001b[31m+ Received  + 7\u001b[39m\n\n\u001b[2m  Array [\u001b[22m\n\u001b[32m-   \"DECLARE numbers : ARRAY[0:4] OF STRING\",\u001b[39m\n\u001b[32m-   \"numbers[0] ← \\\"1\\\"\",\u001b[39m\n\u001b[32m-   \"numbers[1] ← \\\"2\\\"\",\u001b[39m\n\u001b[32m-   \"numbers[2] ← \\\"3\\\"\",\u001b[39m\n\u001b[32m-   \"numbers[3] ← \\\"4\\\"\",\u001b[39m\n\u001b[32m-   \"numbers[4] ← \\\"5\\\"\",\u001b[39m\n\u001b[31m+   \"\",\u001b[39m\n\u001b[31m+   \"numbers.0 ← 1\",\u001b[39m\n\u001b[31m+   \"numbers.1 ← 2\",\u001b[39m\n\u001b[31m+   \"numbers.2 ← 3\",\u001b[39m\n\u001b[31m+   \"numbers.3 ← 4\",\u001b[39m\n\u001b[31m+   \"numbers.4 ← 5\",\u001b[39m\n\u001b[2m    \"first ← numbers[0]\",\u001b[22m\n\u001b[32m-   \"numbers[1] ← \\\"10\\\"\",\u001b[39m\n\u001b[31m+   \"numbers.1 ← 10\",\u001b[39m\n\u001b[2m  ]\u001b[22m\n    at Object.<anonymous> (/Users/shuna/pseudocode-converter/__tests__/python-igcse-parser.test.ts:575:25)\n    at Promise.then.completed (/Users/shuna/pseudocode-converter/node_modules/jest-circus/build/utils.js:298:28)\n    at new Promise (<anonymous>)\n    at callAsyncCircusFn (/Users/shuna/pseudocode-converter/node_modules/jest-circus/build/utils.js:231:10)\n    at _callCircusTest (/Users/shuna/pseudocode-converter/node_modules/jest-circus/build/run.js:316:40)\n    at _runTest (/Users/shuna/pseudocode-converter/node_modules/jest-circus/build/run.js:252:3)\n    at _runTestsForDescribeBlock (/Users/shuna/pseudocode-converter/node_modules/jest-circus/build/run.js:126:9)\n    at _runTestsForDescribeBlock (/Users/shuna/pseudocode-converter/node_modules/jest-circus/build/run.js:121:9)\n    at run (/Users/shuna/pseudocode-converter/node_modules/jest-circus/build/run.js:71:3)\n    at runAndTransformResultsToJestFormat (/Users/shuna/pseudocode-converter/node_modules/jest-circus/build/legacy-code-todo-rewrite/jestAdapterInit.js:122:21)\n    at jestAdapter (/Users/shuna/pseudocode-converter/node_modules/jest-circus/build/legacy-code-todo-rewrite/jestAdapter.js:79:19)\n    at runTestInternal (/Users/shuna/pseudocode-converter/node_modules/jest-runner/build/runTest.js:367:16)\n    at runTest (/Users/shuna/pseudocode-converter/node_modules/jest-runner/build/runTest.js:444:34)"],"fullName":"Python to IGCSE Pseudocode Parser should handle list declaration and access","invocations":1,"location":null,"numPassingAsserts":0,"retryReasons":[],"status":"failed","title":"should handle list declaration and access"},{"ancestorTitles":["Python to IGCSE Pseudocode Parser"],"duration":5,"failureDetails":[{"matcherResult":{"actual":["mixed[0] ← 1","mixed[1] ← \"hello\"","mixed[2] ← TRUE"],"expected":["mixed[0] ← \"1\"","mixed[1] ← \"hello\"","mixed[2] ← \"TRUE\""],"message":"\u001b[2mexpect(\u001b[22m\u001b[31mreceived\u001b[39m\u001b[2m).\u001b[22mtoEqual\u001b[2m(\u001b[22m\u001b[32mexpected\u001b[39m\u001b[2m) // deep equality\u001b[22m\n\n\u001b[32m- Expected  - 2\u001b[39m\n\u001b[31m+ Received  + 2\u001b[39m\n\n\u001b[2m  Array [\u001b[22m\n\u001b[32m-   \"mixed[0] ← \\\"1\\\"\",\u001b[39m\n\u001b[31m+   \"mixed[0] ← 1\",\u001b[39m\n\u001b[2m    \"mixed[1] ← \\\"hello\\\"\",\u001b[22m\n\u001b[32m-   \"mixed[2] ← \\\"TRUE\\\"\",\u001b[39m\n\u001b[31m+   \"mixed[2] ← TRUE\",\u001b[39m\n\u001b[2m  ]\u001b[22m","name":"toEqual","pass":false}}],"failureMessages":["Error: \u001b[2mexpect(\u001b[22m\u001b[31mreceived\u001b[39m\u001b[2m).\u001b[22mtoEqual\u001b[2m(\u001b[22m\u001b[32mexpected\u001b[39m\u001b[2m) // deep equality\u001b[22m\n\n\u001b[32m- Expected  - 2\u001b[39m\n\u001b[31m+ Received  + 2\u001b[39m\n\n\u001b[2m  Array [\u001b[22m\n\u001b[32m-   \"mixed[0] ← \\\"1\\\"\",\u001b[39m\n\u001b[31m+   \"mixed[0] ← 1\",\u001b[39m\n\u001b[2m    \"mixed[1] ← \\\"hello\\\"\",\u001b[22m\n\u001b[32m-   \"mixed[2] ← \\\"TRUE\\\"\",\u001b[39m\n\u001b[31m+   \"mixed[2] ← TRUE\",\u001b[39m\n\u001b[2m  ]\u001b[22m\n    at Object.<anonymous> (/Users/shuna/pseudocode-converter/__tests__/python-igcse-parser.test.ts:593:25)\n    at Promise.then.completed (/Users/shuna/pseudocode-converter/node_modules/jest-circus/build/utils.js:298:28)\n    at new Promise (<anonymous>)\n    at callAsyncCircusFn (/Users/shuna/pseudocode-converter/node_modules/jest-circus/build/utils.js:231:10)\n    at _callCircusTest (/Users/shuna/pseudocode-converter/node_modules/jest-circus/build/run.js:316:40)\n    at _runTest (/Users/shuna/pseudocode-converter/node_modules/jest-circus/build/run.js:252:3)\n    at _runTestsForDescribeBlock (/Users/shuna/pseudocode-converter/node_modules/jest-circus/build/run.js:126:9)\n    at _runTestsForDescribeBlock (/Users/shuna/pseudocode-converter/node_modules/jest-circus/build/run.js:121:9)\n    at run (/Users/shuna/pseudocode-converter/node_modules/jest-circus/build/run.js:71:3)\n    at runAndTransformResultsToJestFormat (/Users/shuna/pseudocode-converter/node_modules/jest-circus/build/legacy-code-todo-rewrite/jestAdapterInit.js:122:21)\n    at jestAdapter (/Users/shuna/pseudocode-converter/node_modules/jest-circus/build/legacy-code-todo-rewrite/jestAdapter.js:79:19)\n    at runTestInternal (/Users/shuna/pseudocode-converter/node_modules/jest-runner/build/runTest.js:367:16)\n    at runTest (/Users/shuna/pseudocode-converter/node_modules/jest-runner/build/runTest.js:444:34)"],"fullName":"Python to IGCSE Pseudocode Parser should handle list with mixed types","invocations":1,"location":null,"numPassingAsserts":0,"retryReasons":[],"status":"failed","title":"should handle list with mixed types"},{"ancestorTitles":["Python to IGCSE Pseudocode Parser"],"duration":10,"failureDetails":[],"failureMessages":[],"fullName":"Python to IGCSE Pseudocode Parser should handle input statements","invocations":1,"location":null,"numPassingAsserts":1,"retryReasons":[],"status":"passed","title":"should handle input statements"},{"ancestorTitles":["Python to IGCSE Pseudocode Parser"],"duration":14,"failureDetails":[],"failureMessages":[],"fullName":"Python to IGCSE Pseudocode Parser should handle print statements","invocations":1,"location":null,"numPassingAsserts":1,"retryReasons":[],"status":"passed","title":"should handle print statements"},{"ancestorTitles":["Python to IGCSE Pseudocode Parser"],"duration":12,"failureDetails":[],"failureMessages":[],"fullName":"Python to IGCSE Pseudocode Parser should handle comments","invocations":1,"location":null,"numPassingAsserts":1,"retryReasons":[],"status":"passed","title":"should handle comments"},{"ancestorTitles":["Python to IGCSE Pseudocode Parser"],"duration":22,"failureDetails":[{"matcherResult":{"actual":["// Error handling: try-except block","IF x ≠ 0 THEN","OUTPUT x","END TRY","ELSE","OUTPUT \"Variable NOT defined\"","END EXCEPT"],"expected":["IF variable x is defined THEN","OUTPUT x","ELSE","OUTPUT \"Variable not defined\"","ENDIF"],"message":"\u001b[2mexpect(\u001b[22m\u001b[31mreceived\u001b[39m\u001b[2m).\u001b[22mtoEqual\u001b[2m(\u001b[22m\u001b[32mexpected\u001b[39m\u001b[2m) // deep equality\u001b[22m\n\n\u001b[32m- Expected  - 3\u001b[39m\n\u001b[31m+ Received  + 5\u001b[39m\n\n\u001b[2m  Array [\u001b[22m\n\u001b[32m-   \"IF variable x is defined THEN\",\u001b[39m\n\u001b[31m+   \"// Error handling: try-except block\",\u001b[39m\n\u001b[31m+   \"IF x ≠ 0 THEN\",\u001b[39m\n\u001b[2m    \"OUTPUT x\",\u001b[22m\n\u001b[31m+   \"END TRY\",\u001b[39m\n\u001b[2m    \"ELSE\",\u001b[22m\n\u001b[32m-   \"OUTPUT \\\"Variable not defined\\\"\",\u001b[39m\n\u001b[32m-   \"ENDIF\",\u001b[39m\n\u001b[31m+   \"OUTPUT \\\"Variable NOT defined\\\"\",\u001b[39m\n\u001b[31m+   \"END EXCEPT\",\u001b[39m\n\u001b[2m  ]\u001b[22m","name":"toEqual","pass":false}}],"failureMessages":["Error: \u001b[2mexpect(\u001b[22m\u001b[31mreceived\u001b[39m\u001b[2m).\u001b[22mtoEqual\u001b[2m(\u001b[22m\u001b[32mexpected\u001b[39m\u001b[2m) // deep equality\u001b[22m\n\n\u001b[32m- Expected  - 3\u001b[39m\n\u001b[31m+ Received  + 5\u001b[39m\n\n\u001b[2m  Array [\u001b[22m\n\u001b[32m-   \"IF variable x is defined THEN\",\u001b[39m\n\u001b[31m+   \"// Error handling: try-except block\",\u001b[39m\n\u001b[31m+   \"IF x ≠ 0 THEN\",\u001b[39m\n\u001b[2m    \"OUTPUT x\",\u001b[22m\n\u001b[31m+   \"END TRY\",\u001b[39m\n\u001b[2m    \"ELSE\",\u001b[22m\n\u001b[32m-   \"OUTPUT \\\"Variable not defined\\\"\",\u001b[39m\n\u001b[32m-   \"ENDIF\",\u001b[39m\n\u001b[31m+   \"OUTPUT \\\"Variable NOT defined\\\"\",\u001b[39m\n\u001b[31m+   \"END EXCEPT\",\u001b[39m\n\u001b[2m  ]\u001b[22m\n    at Object.<anonymous> (/Users/shuna/pseudocode-converter/__tests__/python-igcse-parser.test.ts:675:25)\n    at Promise.then.completed (/Users/shuna/pseudocode-converter/node_modules/jest-circus/build/utils.js:298:28)\n    at new Promise (<anonymous>)\n    at callAsyncCircusFn (/Users/shuna/pseudocode-converter/node_modules/jest-circus/build/utils.js:231:10)\n    at _callCircusTest (/Users/shuna/pseudocode-converter/node_modules/jest-circus/build/run.js:316:40)\n    at _runTest (/Users/shuna/pseudocode-converter/node_modules/jest-circus/build/run.js:252:3)\n    at _runTestsForDescribeBlock (/Users/shuna/pseudocode-converter/node_modules/jest-circus/build/run.js:126:9)\n    at _runTestsForDescribeBlock (/Users/shuna/pseudocode-converter/node_modules/jest-circus/build/run.js:121:9)\n    at run (/Users/shuna/pseudocode-converter/node_modules/jest-circus/build/run.js:71:3)\n    at runAndTransformResultsToJestFormat (/Users/shuna/pseudocode-converter/node_modules/jest-circus/build/legacy-code-todo-rewrite/jestAdapterInit.js:122:21)\n    at jestAdapter (/Users/shuna/pseudocode-converter/node_modules/jest-circus/build/legacy-code-todo-rewrite/jestAdapter.js:79:19)\n    at runTestInternal (/Users/shuna/pseudocode-converter/node_modules/jest-runner/build/runTest.js:367:16)\n    at runTest (/Users/shuna/pseudocode-converter/node_modules/jest-runner/build/runTest.js:444:34)"],"fullName":"Python to IGCSE Pseudocode Parser should handle try-except block","invocations":1,"location":null,"numPassingAsserts":0,"retryReasons":[],"status":"failed","title":"should handle try-except block"},{"ancestorTitles":["Python to IGCSE Pseudocode Parser"],"duration":39,"failureDetails":[{"matcherResult":{"actual":["// Error handling: try-except block","IF x ≠ 0 THEN","file ← Open(\"data.txt\")","data ← file.Read()","END TRY","ELSE","OUTPUT \"File NOT found\"","END EXCEPT","// Finally block","OUTPUT \"Cleanup\"","END FINALLY"],"expected":["// Error handling: try-except-finally block","OPENFILE \"data.txt\" FOR READ","IF file_exists THEN","READFILE \"data.txt\", data","ELSE","OUTPUT \"File not found\"","ENDIF","OUTPUT \"Cleanup\"","CLOSEFILE \"data.txt\""],"message":"\u001b[2mexpect(\u001b[22m\u001b[31mreceived\u001b[39m\u001b[2m).\u001b[22mtoEqual\u001b[2m(\u001b[22m\u001b[32mexpected\u001b[39m\u001b[2m) // deep equality\u001b[22m\n\n\u001b[32m- Expected  - 7\u001b[39m\n\u001b[31m+ Received  + 9\u001b[39m\n\n\u001b[2m  Array [\u001b[22m\n\u001b[32m-   \"// Error handling: try-except-finally block\",\u001b[39m\n\u001b[32m-   \"OPENFILE \\\"data.txt\\\" FOR READ\",\u001b[39m\n\u001b[32m-   \"IF file_exists THEN\",\u001b[39m\n\u001b[32m-   \"READFILE \\\"data.txt\\\", data\",\u001b[39m\n\u001b[31m+   \"// Error handling: try-except block\",\u001b[39m\n\u001b[31m+   \"IF x ≠ 0 THEN\",\u001b[39m\n\u001b[31m+   \"file ← Open(\\\"data.txt\\\")\",\u001b[39m\n\u001b[31m+   \"data ← file.Read()\",\u001b[39m\n\u001b[31m+   \"END TRY\",\u001b[39m\n\u001b[2m    \"ELSE\",\u001b[22m\n\u001b[32m-   \"OUTPUT \\\"File not found\\\"\",\u001b[39m\n\u001b[32m-   \"ENDIF\",\u001b[39m\n\u001b[31m+   \"OUTPUT \\\"File NOT found\\\"\",\u001b[39m\n\u001b[31m+   \"END EXCEPT\",\u001b[39m\n\u001b[31m+   \"// Finally block\",\u001b[39m\n\u001b[2m    \"OUTPUT \\\"Cleanup\\\"\",\u001b[22m\n\u001b[32m-   \"CLOSEFILE \\\"data.txt\\\"\",\u001b[39m\n\u001b[31m+   \"END FINALLY\",\u001b[39m\n\u001b[2m  ]\u001b[22m","name":"toEqual","pass":false}}],"failureMessages":["Error: \u001b[2mexpect(\u001b[22m\u001b[31mreceived\u001b[39m\u001b[2m).\u001b[22mtoEqual\u001b[2m(\u001b[22m\u001b[32mexpected\u001b[39m\u001b[2m) // deep equality\u001b[22m\n\n\u001b[32m- Expected  - 7\u001b[39m\n\u001b[31m+ Received  + 9\u001b[39m\n\n\u001b[2m  Array [\u001b[22m\n\u001b[32m-   \"// Error handling: try-except-finally block\",\u001b[39m\n\u001b[32m-   \"OPENFILE \\\"data.txt\\\" FOR READ\",\u001b[39m\n\u001b[32m-   \"IF file_exists THEN\",\u001b[39m\n\u001b[32m-   \"READFILE \\\"data.txt\\\", data\",\u001b[39m\n\u001b[31m+   \"// Error handling: try-except block\",\u001b[39m\n\u001b[31m+   \"IF x ≠ 0 THEN\",\u001b[39m\n\u001b[31m+   \"file ← Open(\\\"data.txt\\\")\",\u001b[39m\n\u001b[31m+   \"data ← file.Read()\",\u001b[39m\n\u001b[31m+   \"END TRY\",\u001b[39m\n\u001b[2m    \"ELSE\",\u001b[22m\n\u001b[32m-   \"OUTPUT \\\"File not found\\\"\",\u001b[39m\n\u001b[32m-   \"ENDIF\",\u001b[39m\n\u001b[31m+   \"OUTPUT \\\"File NOT found\\\"\",\u001b[39m\n\u001b[31m+   \"END EXCEPT\",\u001b[39m\n\u001b[31m+   \"// Finally block\",\u001b[39m\n\u001b[2m    \"OUTPUT \\\"Cleanup\\\"\",\u001b[22m\n\u001b[32m-   \"CLOSEFILE \\\"data.txt\\\"\",\u001b[39m\n\u001b[31m+   \"END FINALLY\",\u001b[39m\n\u001b[2m  ]\u001b[22m\n    at Object.<anonymous> (/Users/shuna/pseudocode-converter/__tests__/python-igcse-parser.test.ts:703:25)\n    at Promise.then.completed (/Users/shuna/pseudocode-converter/node_modules/jest-circus/build/utils.js:298:28)\n    at new Promise (<anonymous>)\n    at callAsyncCircusFn (/Users/shuna/pseudocode-converter/node_modules/jest-circus/build/utils.js:231:10)\n    at _callCircusTest (/Users/shuna/pseudocode-converter/node_modules/jest-circus/build/run.js:316:40)\n    at _runTest (/Users/shuna/pseudocode-converter/node_modules/jest-circus/build/run.js:252:3)\n    at _runTestsForDescribeBlock (/Users/shuna/pseudocode-converter/node_modules/jest-circus/build/run.js:126:9)\n    at _runTestsForDescribeBlock (/Users/shuna/pseudocode-converter/node_modules/jest-circus/build/run.js:121:9)\n    at run (/Users/shuna/pseudocode-converter/node_modules/jest-circus/build/run.js:71:3)\n    at runAndTransformResultsToJestFormat (/Users/shuna/pseudocode-converter/node_modules/jest-circus/build/legacy-code-todo-rewrite/jestAdapterInit.js:122:21)\n    at jestAdapter (/Users/shuna/pseudocode-converter/node_modules/jest-circus/build/legacy-code-todo-rewrite/jestAdapter.js:79:19)\n    at runTestInternal (/Users/shuna/pseudocode-converter/node_modules/jest-runner/build/runTest.js:367:16)\n    at runTest (/Users/shuna/pseudocode-converter/node_modules/jest-runner/build/runTest.js:444:34)"],"fullName":"Python to IGCSE Pseudocode Parser should handle try-except-finally block","invocations":1,"location":null,"numPassingAsserts":0,"retryReasons":[],"status":"failed","title":"should handle try-except-finally block"},{"ancestorTitles":["Python to IGCSE Pseudocode Parser"],"duration":8,"failureDetails":[{}],"failureMessages":["TypeError: Cannot read properties of undefined (reading 'trim')\n    at IGCSEPseudocodeParser.processLine (/Users/shuna/pseudocode-converter/lib/python-igcse/parser.ts:175:54)\n    at /Users/shuna/pseudocode-converter/lib/python-igcse/parser.ts:31:32\n    at Array.forEach (<anonymous>)\n    at IGCSEPseudocodeParser.parse (/Users/shuna/pseudocode-converter/lib/python-igcse/parser.ts:31:11)\n    at pythonToIGCSEPseudocode (/Users/shuna/pseudocode-converter/lib/python-to-pseudocode-parser-igcse.js:13:19)\n    at Object.<anonymous> (/Users/shuna/pseudocode-converter/__tests__/python-igcse-parser.test.ts:725:43)\n    at Promise.then.completed (/Users/shuna/pseudocode-converter/node_modules/jest-circus/build/utils.js:298:28)\n    at new Promise (<anonymous>)\n    at callAsyncCircusFn (/Users/shuna/pseudocode-converter/node_modules/jest-circus/build/utils.js:231:10)\n    at _callCircusTest (/Users/shuna/pseudocode-converter/node_modules/jest-circus/build/run.js:316:40)\n    at _runTest (/Users/shuna/pseudocode-converter/node_modules/jest-circus/build/run.js:252:3)\n    at _runTestsForDescribeBlock (/Users/shuna/pseudocode-converter/node_modules/jest-circus/build/run.js:126:9)\n    at _runTestsForDescribeBlock (/Users/shuna/pseudocode-converter/node_modules/jest-circus/build/run.js:121:9)\n    at run (/Users/shuna/pseudocode-converter/node_modules/jest-circus/build/run.js:71:3)\n    at runAndTransformResultsToJestFormat (/Users/shuna/pseudocode-converter/node_modules/jest-circus/build/legacy-code-todo-rewrite/jestAdapterInit.js:122:21)\n    at jestAdapter (/Users/shuna/pseudocode-converter/node_modules/jest-circus/build/legacy-code-todo-rewrite/jestAdapter.js:79:19)\n    at runTestInternal (/Users/shuna/pseudocode-converter/node_modules/jest-runner/build/runTest.js:367:16)\n    at runTest (/Users/shuna/pseudocode-converter/node_modules/jest-runner/build/runTest.js:444:34)"],"fullName":"Python to IGCSE Pseudocode Parser should handle class definition","invocations":1,"location":null,"numPassingAsserts":0,"retryReasons":[],"status":"failed","title":"should handle class definition"},{"ancestorTitles":["Python to IGCSE Pseudocode Parser"],"duration":8,"failureDetails":[{}],"failureMessages":["TypeError: Cannot read properties of undefined (reading 'trim')\n    at IGCSEPseudocodeParser.processLine (/Users/shuna/pseudocode-converter/lib/python-igcse/parser.ts:175:54)\n    at /Users/shuna/pseudocode-converter/lib/python-igcse/parser.ts:31:32\n    at Array.forEach (<anonymous>)\n    at IGCSEPseudocodeParser.parse (/Users/shuna/pseudocode-converter/lib/python-igcse/parser.ts:31:11)\n    at pythonToIGCSEPseudocode (/Users/shuna/pseudocode-converter/lib/python-to-pseudocode-parser-igcse.js:13:19)\n    at Object.<anonymous> (/Users/shuna/pseudocode-converter/__tests__/python-igcse-parser.test.ts:745:43)\n    at Promise.then.completed (/Users/shuna/pseudocode-converter/node_modules/jest-circus/build/utils.js:298:28)\n    at new Promise (<anonymous>)\n    at callAsyncCircusFn (/Users/shuna/pseudocode-converter/node_modules/jest-circus/build/utils.js:231:10)\n    at _callCircusTest (/Users/shuna/pseudocode-converter/node_modules/jest-circus/build/run.js:316:40)\n    at _runTest (/Users/shuna/pseudocode-converter/node_modules/jest-circus/build/run.js:252:3)\n    at _runTestsForDescribeBlock (/Users/shuna/pseudocode-converter/node_modules/jest-circus/build/run.js:126:9)\n    at _runTestsForDescribeBlock (/Users/shuna/pseudocode-converter/node_modules/jest-circus/build/run.js:121:9)\n    at run (/Users/shuna/pseudocode-converter/node_modules/jest-circus/build/run.js:71:3)\n    at runAndTransformResultsToJestFormat (/Users/shuna/pseudocode-converter/node_modules/jest-circus/build/legacy-code-todo-rewrite/jestAdapterInit.js:122:21)\n    at jestAdapter (/Users/shuna/pseudocode-converter/node_modules/jest-circus/build/legacy-code-todo-rewrite/jestAdapter.js:79:19)\n    at runTestInternal (/Users/shuna/pseudocode-converter/node_modules/jest-runner/build/runTest.js:367:16)\n    at runTest (/Users/shuna/pseudocode-converter/node_modules/jest-runner/build/runTest.js:444:34)"],"fullName":"Python to IGCSE Pseudocode Parser should handle class inheritance","invocations":1,"location":null,"numPassingAsserts":0,"retryReasons":[],"status":"failed","title":"should handle class inheritance"},{"ancestorTitles":["Python to IGCSE Pseudocode Parser"],"duration":9,"failureDetails":[{"matcherResult":{"actual":["my_dog ← Dog(\"Buddy\")","// TODO: my_dog.speak()"],"expected":["DECLARE my_dog : Dog","my_dog ← NEW Dog(\"Buddy\")","CALL my_dog.Speak()"],"message":"\u001b[2mexpect(\u001b[22m\u001b[31mreceived\u001b[39m\u001b[2m).\u001b[22mtoEqual\u001b[2m(\u001b[22m\u001b[32mexpected\u001b[39m\u001b[2m) // deep equality\u001b[22m\n\n\u001b[32m- Expected  - 3\u001b[39m\n\u001b[31m+ Received  + 2\u001b[39m\n\n\u001b[2m  Array [\u001b[22m\n\u001b[32m-   \"DECLARE my_dog : Dog\",\u001b[39m\n\u001b[32m-   \"my_dog ← NEW Dog(\\\"Buddy\\\")\",\u001b[39m\n\u001b[32m-   \"CALL my_dog.Speak()\",\u001b[39m\n\u001b[31m+   \"my_dog ← Dog(\\\"Buddy\\\")\",\u001b[39m\n\u001b[31m+   \"// TODO: my_dog.speak()\",\u001b[39m\n\u001b[2m  ]\u001b[22m","name":"toEqual","pass":false}}],"failureMessages":["Error: \u001b[2mexpect(\u001b[22m\u001b[31mreceived\u001b[39m\u001b[2m).\u001b[22mtoEqual\u001b[2m(\u001b[22m\u001b[32mexpected\u001b[39m\u001b[2m) // deep equality\u001b[22m\n\n\u001b[32m- Expected  - 3\u001b[39m\n\u001b[31m+ Received  + 2\u001b[39m\n\n\u001b[2m  Array [\u001b[22m\n\u001b[32m-   \"DECLARE my_dog : Dog\",\u001b[39m\n\u001b[32m-   \"my_dog ← NEW Dog(\\\"Buddy\\\")\",\u001b[39m\n\u001b[32m-   \"CALL my_dog.Speak()\",\u001b[39m\n\u001b[31m+   \"my_dog ← Dog(\\\"Buddy\\\")\",\u001b[39m\n\u001b[31m+   \"// TODO: my_dog.speak()\",\u001b[39m\n\u001b[2m  ]\u001b[22m\n    at Object.<anonymous> (/Users/shuna/pseudocode-converter/__tests__/python-igcse-parser.test.ts:770:25)\n    at Promise.then.completed (/Users/shuna/pseudocode-converter/node_modules/jest-circus/build/utils.js:298:28)\n    at new Promise (<anonymous>)\n    at callAsyncCircusFn (/Users/shuna/pseudocode-converter/node_modules/jest-circus/build/utils.js:231:10)\n    at _callCircusTest (/Users/shuna/pseudocode-converter/node_modules/jest-circus/build/run.js:316:40)\n    at _runTest (/Users/shuna/pseudocode-converter/node_modules/jest-circus/build/run.js:252:3)\n    at _runTestsForDescribeBlock (/Users/shuna/pseudocode-converter/node_modules/jest-circus/build/run.js:126:9)\n    at _runTestsForDescribeBlock (/Users/shuna/pseudocode-converter/node_modules/jest-circus/build/run.js:121:9)\n    at run (/Users/shuna/pseudocode-converter/node_modules/jest-circus/build/run.js:71:3)\n    at runAndTransformResultsToJestFormat (/Users/shuna/pseudocode-converter/node_modules/jest-circus/build/legacy-code-todo-rewrite/jestAdapterInit.js:122:21)\n    at jestAdapter (/Users/shuna/pseudocode-converter/node_modules/jest-circus/build/legacy-code-todo-rewrite/jestAdapter.js:79:19)\n    at runTestInternal (/Users/shuna/pseudocode-converter/node_modules/jest-runner/build/runTest.js:367:16)\n    at runTest (/Users/shuna/pseudocode-converter/node_modules/jest-runner/build/runTest.js:444:34)"],"fullName":"Python to IGCSE Pseudocode Parser should handle object instantiation and method calls","invocations":1,"location":null,"numPassingAsserts":0,"retryReasons":[],"status":"failed","title":"should handle object instantiation and method calls"},{"ancestorTitles":["Python to IGCSE Pseudocode Parser"],"duration":17,"failureDetails":[{"matcherResult":{"actual":["// TODO: with open(\"input.txt\", \"r\") as file:","FOR EACH line IN file","OUTPUT line.strip(","NEXT line"],"expected":["OPENFILE \"input.txt\" FOR READ","WHILE NOT EOF(\"input.txt\")","READFILE \"input.txt\", line","OUTPUT line","ENDWHILE","CLOSEFILE \"input.txt\""],"message":"\u001b[2mexpect(\u001b[22m\u001b[31mreceived\u001b[39m\u001b[2m).\u001b[22mtoEqual\u001b[2m(\u001b[22m\u001b[32mexpected\u001b[39m\u001b[2m) // deep equality\u001b[22m\n\n\u001b[32m- Expected  - 6\u001b[39m\n\u001b[31m+ Received  + 4\u001b[39m\n\n\u001b[2m  Array [\u001b[22m\n\u001b[32m-   \"OPENFILE \\\"input.txt\\\" FOR READ\",\u001b[39m\n\u001b[32m-   \"WHILE NOT EOF(\\\"input.txt\\\")\",\u001b[39m\n\u001b[32m-   \"READFILE \\\"input.txt\\\", line\",\u001b[39m\n\u001b[32m-   \"OUTPUT line\",\u001b[39m\n\u001b[32m-   \"ENDWHILE\",\u001b[39m\n\u001b[32m-   \"CLOSEFILE \\\"input.txt\\\"\",\u001b[39m\n\u001b[31m+   \"// TODO: with open(\\\"input.txt\\\", \\\"r\\\") as file:\",\u001b[39m\n\u001b[31m+   \"FOR EACH line IN file\",\u001b[39m\n\u001b[31m+   \"OUTPUT line.strip(\",\u001b[39m\n\u001b[31m+   \"NEXT line\",\u001b[39m\n\u001b[2m  ]\u001b[22m","name":"toEqual","pass":false}}],"failureMessages":["Error: \u001b[2mexpect(\u001b[22m\u001b[31mreceived\u001b[39m\u001b[2m).\u001b[22mtoEqual\u001b[2m(\u001b[22m\u001b[32mexpected\u001b[39m\u001b[2m) // deep equality\u001b[22m\n\n\u001b[32m- Expected  - 6\u001b[39m\n\u001b[31m+ Received  + 4\u001b[39m\n\n\u001b[2m  Array [\u001b[22m\n\u001b[32m-   \"OPENFILE \\\"input.txt\\\" FOR READ\",\u001b[39m\n\u001b[32m-   \"WHILE NOT EOF(\\\"input.txt\\\")\",\u001b[39m\n\u001b[32m-   \"READFILE \\\"input.txt\\\", line\",\u001b[39m\n\u001b[32m-   \"OUTPUT line\",\u001b[39m\n\u001b[32m-   \"ENDWHILE\",\u001b[39m\n\u001b[32m-   \"CLOSEFILE \\\"input.txt\\\"\",\u001b[39m\n\u001b[31m+   \"// TODO: with open(\\\"input.txt\\\", \\\"r\\\") as file:\",\u001b[39m\n\u001b[31m+   \"FOR EACH line IN file\",\u001b[39m\n\u001b[31m+   \"OUTPUT line.strip(\",\u001b[39m\n\u001b[31m+   \"NEXT line\",\u001b[39m\n\u001b[2m  ]\u001b[22m\n    at Object.<anonymous> (/Users/shuna/pseudocode-converter/__tests__/python-igcse-parser.test.ts:792:25)\n    at Promise.then.completed (/Users/shuna/pseudocode-converter/node_modules/jest-circus/build/utils.js:298:28)\n    at new Promise (<anonymous>)\n    at callAsyncCircusFn (/Users/shuna/pseudocode-converter/node_modules/jest-circus/build/utils.js:231:10)\n    at _callCircusTest (/Users/shuna/pseudocode-converter/node_modules/jest-circus/build/run.js:316:40)\n    at _runTest (/Users/shuna/pseudocode-converter/node_modules/jest-circus/build/run.js:252:3)\n    at _runTestsForDescribeBlock (/Users/shuna/pseudocode-converter/node_modules/jest-circus/build/run.js:126:9)\n    at _runTestsForDescribeBlock (/Users/shuna/pseudocode-converter/node_modules/jest-circus/build/run.js:121:9)\n    at run (/Users/shuna/pseudocode-converter/node_modules/jest-circus/build/run.js:71:3)\n    at runAndTransformResultsToJestFormat (/Users/shuna/pseudocode-converter/node_modules/jest-circus/build/legacy-code-todo-rewrite/jestAdapterInit.js:122:21)\n    at jestAdapter (/Users/shuna/pseudocode-converter/node_modules/jest-circus/build/legacy-code-todo-rewrite/jestAdapter.js:79:19)\n    at runTestInternal (/Users/shuna/pseudocode-converter/node_modules/jest-runner/build/runTest.js:367:16)\n    at runTest (/Users/shuna/pseudocode-converter/node_modules/jest-runner/build/runTest.js:444:34)"],"fullName":"Python to IGCSE Pseudocode Parser should handle file operations","invocations":1,"location":null,"numPassingAsserts":0,"retryReasons":[],"status":"failed","title":"should handle file operations"},{"ancestorTitles":["Python to IGCSE Pseudocode Parser"],"duration":15,"failureDetails":[{"matcherResult":{"actual":["// TODO: with open(\"output.txt\", \"w\") as file:","// TODO: file.write(\"Hello World\")","// TODO: file.write(str(number))"],"expected":["OPENFILE \"output.txt\" FOR WRITE","WRITEFILE \"output.txt\", \"Hello World\"","WRITEFILE \"output.txt\", number","CLOSEFILE \"output.txt\""],"message":"\u001b[2mexpect(\u001b[22m\u001b[31mreceived\u001b[39m\u001b[2m).\u001b[22mtoEqual\u001b[2m(\u001b[22m\u001b[32mexpected\u001b[39m\u001b[2m) // deep equality\u001b[22m\n\n\u001b[32m- Expected  - 4\u001b[39m\n\u001b[31m+ Received  + 3\u001b[39m\n\n\u001b[2m  Array [\u001b[22m\n\u001b[32m-   \"OPENFILE \\\"output.txt\\\" FOR WRITE\",\u001b[39m\n\u001b[32m-   \"WRITEFILE \\\"output.txt\\\", \\\"Hello World\\\"\",\u001b[39m\n\u001b[32m-   \"WRITEFILE \\\"output.txt\\\", number\",\u001b[39m\n\u001b[32m-   \"CLOSEFILE \\\"output.txt\\\"\",\u001b[39m\n\u001b[31m+   \"// TODO: with open(\\\"output.txt\\\", \\\"w\\\") as file:\",\u001b[39m\n\u001b[31m+   \"// TODO: file.write(\\\"Hello World\\\")\",\u001b[39m\n\u001b[31m+   \"// TODO: file.write(str(number))\",\u001b[39m\n\u001b[2m  ]\u001b[22m","name":"toEqual","pass":false}}],"failureMessages":["Error: \u001b[2mexpect(\u001b[22m\u001b[31mreceived\u001b[39m\u001b[2m).\u001b[22mtoEqual\u001b[2m(\u001b[22m\u001b[32mexpected\u001b[39m\u001b[2m) // deep equality\u001b[22m\n\n\u001b[32m- Expected  - 4\u001b[39m\n\u001b[31m+ Received  + 3\u001b[39m\n\n\u001b[2m  Array [\u001b[22m\n\u001b[32m-   \"OPENFILE \\\"output.txt\\\" FOR WRITE\",\u001b[39m\n\u001b[32m-   \"WRITEFILE \\\"output.txt\\\", \\\"Hello World\\\"\",\u001b[39m\n\u001b[32m-   \"WRITEFILE \\\"output.txt\\\", number\",\u001b[39m\n\u001b[32m-   \"CLOSEFILE \\\"output.txt\\\"\",\u001b[39m\n\u001b[31m+   \"// TODO: with open(\\\"output.txt\\\", \\\"w\\\") as file:\",\u001b[39m\n\u001b[31m+   \"// TODO: file.write(\\\"Hello World\\\")\",\u001b[39m\n\u001b[31m+   \"// TODO: file.write(str(number))\",\u001b[39m\n\u001b[2m  ]\u001b[22m\n    at Object.<anonymous> (/Users/shuna/pseudocode-converter/__tests__/python-igcse-parser.test.ts:811:25)\n    at Promise.then.completed (/Users/shuna/pseudocode-converter/node_modules/jest-circus/build/utils.js:298:28)\n    at new Promise (<anonymous>)\n    at callAsyncCircusFn (/Users/shuna/pseudocode-converter/node_modules/jest-circus/build/utils.js:231:10)\n    at _callCircusTest (/Users/shuna/pseudocode-converter/node_modules/jest-circus/build/run.js:316:40)\n    at _runTest (/Users/shuna/pseudocode-converter/node_modules/jest-circus/build/run.js:252:3)\n    at _runTestsForDescribeBlock (/Users/shuna/pseudocode-converter/node_modules/jest-circus/build/run.js:126:9)\n    at _runTestsForDescribeBlock (/Users/shuna/pseudocode-converter/node_modules/jest-circus/build/run.js:121:9)\n    at run (/Users/shuna/pseudocode-converter/node_modules/jest-circus/build/run.js:71:3)\n    at runAndTransformResultsToJestFormat (/Users/shuna/pseudocode-converter/node_modules/jest-circus/build/legacy-code-todo-rewrite/jestAdapterInit.js:122:21)\n    at jestAdapter (/Users/shuna/pseudocode-converter/node_modules/jest-circus/build/legacy-code-todo-rewrite/jestAdapter.js:79:19)\n    at runTestInternal (/Users/shuna/pseudocode-converter/node_modules/jest-runner/build/runTest.js:367:16)\n    at runTest (/Users/shuna/pseudocode-converter/node_modules/jest-runner/build/runTest.js:444:34)"],"fullName":"Python to IGCSE Pseudocode Parser should handle file writing","invocations":1,"location":null,"numPassingAsserts":0,"retryReasons":[],"status":"failed","title":"should handle file writing"},{"ancestorTitles":["Python to IGCSE Pseudocode Parser"],"duration":33,"failureDetails":[{"matcherResult":{"actual":["FOR i ← 0 TO 9","IF i = 5 THEN","EXIT FOR","ENDIF","IF i MOD 2 = 0 THEN","NEXT i","ENDIF","OUTPUT i","NEXT i"],"expected":["FOR i ← 0 TO 9","IF i = 5 THEN","EXIT FOR","IF i MOD 2 = 0 THEN","NEXT i","OUTPUT i","ENDIF","ENDIF","NEXT i"],"message":"\u001b[2mexpect(\u001b[22m\u001b[31mreceived\u001b[39m\u001b[2m).\u001b[22mtoEqual\u001b[2m(\u001b[22m\u001b[32mexpected\u001b[39m\u001b[2m) // deep equality\u001b[22m\n\n\u001b[32m- Expected  - 2\u001b[39m\n\u001b[31m+ Received  + 2\u001b[39m\n\n\u001b[2m  Array [\u001b[22m\n\u001b[2m    \"FOR i ← 0 TO 9\",\u001b[22m\n\u001b[2m    \"IF i = 5 THEN\",\u001b[22m\n\u001b[2m    \"EXIT FOR\",\u001b[22m\n\u001b[31m+   \"ENDIF\",\u001b[39m\n\u001b[2m    \"IF i MOD 2 = 0 THEN\",\u001b[22m\n\u001b[2m    \"NEXT i\",\u001b[22m\n\u001b[32m-   \"OUTPUT i\",\u001b[39m\n\u001b[32m-   \"ENDIF\",\u001b[39m\n\u001b[2m    \"ENDIF\",\u001b[22m\n\u001b[31m+   \"OUTPUT i\",\u001b[39m\n\u001b[2m    \"NEXT i\",\u001b[22m\n\u001b[2m  ]\u001b[22m","name":"toEqual","pass":false}}],"failureMessages":["Error: \u001b[2mexpect(\u001b[22m\u001b[31mreceived\u001b[39m\u001b[2m).\u001b[22mtoEqual\u001b[2m(\u001b[22m\u001b[32mexpected\u001b[39m\u001b[2m) // deep equality\u001b[22m\n\n\u001b[32m- Expected  - 2\u001b[39m\n\u001b[31m+ Received  + 2\u001b[39m\n\n\u001b[2m  Array [\u001b[22m\n\u001b[2m    \"FOR i ← 0 TO 9\",\u001b[22m\n\u001b[2m    \"IF i = 5 THEN\",\u001b[22m\n\u001b[2m    \"EXIT FOR\",\u001b[22m\n\u001b[31m+   \"ENDIF\",\u001b[39m\n\u001b[2m    \"IF i MOD 2 = 0 THEN\",\u001b[22m\n\u001b[2m    \"NEXT i\",\u001b[22m\n\u001b[32m-   \"OUTPUT i\",\u001b[39m\n\u001b[32m-   \"ENDIF\",\u001b[39m\n\u001b[2m    \"ENDIF\",\u001b[22m\n\u001b[31m+   \"OUTPUT i\",\u001b[39m\n\u001b[2m    \"NEXT i\",\u001b[22m\n\u001b[2m  ]\u001b[22m\n    at Object.<anonymous> (/Users/shuna/pseudocode-converter/__tests__/python-igcse-parser.test.ts:854:25)\n    at Promise.then.completed (/Users/shuna/pseudocode-converter/node_modules/jest-circus/build/utils.js:298:28)\n    at new Promise (<anonymous>)\n    at callAsyncCircusFn (/Users/shuna/pseudocode-converter/node_modules/jest-circus/build/utils.js:231:10)\n    at _callCircusTest (/Users/shuna/pseudocode-converter/node_modules/jest-circus/build/run.js:316:40)\n    at _runTest (/Users/shuna/pseudocode-converter/node_modules/jest-circus/build/run.js:252:3)\n    at _runTestsForDescribeBlock (/Users/shuna/pseudocode-converter/node_modules/jest-circus/build/run.js:126:9)\n    at _runTestsForDescribeBlock (/Users/shuna/pseudocode-converter/node_modules/jest-circus/build/run.js:121:9)\n    at run (/Users/shuna/pseudocode-converter/node_modules/jest-circus/build/run.js:71:3)\n    at runAndTransformResultsToJestFormat (/Users/shuna/pseudocode-converter/node_modules/jest-circus/build/legacy-code-todo-rewrite/jestAdapterInit.js:122:21)\n    at jestAdapter (/Users/shuna/pseudocode-converter/node_modules/jest-circus/build/legacy-code-todo-rewrite/jestAdapter.js:79:19)\n    at runTestInternal (/Users/shuna/pseudocode-converter/node_modules/jest-runner/build/runTest.js:367:16)\n    at runTest (/Users/shuna/pseudocode-converter/node_modules/jest-runner/build/runTest.js:444:34)"],"fullName":"Python to IGCSE Pseudocode Parser should handle break and continue in loops","invocations":1,"location":null,"numPassingAsserts":0,"retryReasons":[],"status":"failed","title":"should handle break and continue in loops"},{"ancestorTitles":["Python to IGCSE Pseudocode Parser"],"duration":14,"failureDetails":[{"matcherResult":{"actual":["TYPE StudentRecord","name : STRING","age : INTEGER","ENDTYPE","","student.name ← \"John\"","student.age ← 20","OUTPUT student[\"name\"]","// TODO: student[\"grade\"] = \"A\""],"expected":["TYPE StudentRecord","name : STRING","age : INTEGER","grade : STRING","ENDTYPE","","student.name ← \"John\"","student.age ← 20","OUTPUT student.name","student.grade ← \"A\""],"message":"\u001b[2mexpect(\u001b[22m\u001b[31mreceived\u001b[39m\u001b[2m).\u001b[22mtoEqual\u001b[2m(\u001b[22m\u001b[32mexpected\u001b[39m\u001b[2m) // deep equality\u001b[22m\n\n\u001b[32m- Expected  - 3\u001b[39m\n\u001b[31m+ Received  + 2\u001b[39m\n\n\u001b[2m  Array [\u001b[22m\n\u001b[2m    \"TYPE StudentRecord\",\u001b[22m\n\u001b[2m    \"name : STRING\",\u001b[22m\n\u001b[2m    \"age : INTEGER\",\u001b[22m\n\u001b[32m-   \"grade : STRING\",\u001b[39m\n\u001b[2m    \"ENDTYPE\",\u001b[22m\n\u001b[2m    \"\",\u001b[22m\n\u001b[2m    \"student.name ← \\\"John\\\"\",\u001b[22m\n\u001b[2m    \"student.age ← 20\",\u001b[22m\n\u001b[32m-   \"OUTPUT student.name\",\u001b[39m\n\u001b[32m-   \"student.grade ← \\\"A\\\"\",\u001b[39m\n\u001b[31m+   \"OUTPUT student[\\\"name\\\"]\",\u001b[39m\n\u001b[31m+   \"// TODO: student[\\\"grade\\\"] = \\\"A\\\"\",\u001b[39m\n\u001b[2m  ]\u001b[22m","name":"toEqual","pass":false}}],"failureMessages":["Error: \u001b[2mexpect(\u001b[22m\u001b[31mreceived\u001b[39m\u001b[2m).\u001b[22mtoEqual\u001b[2m(\u001b[22m\u001b[32mexpected\u001b[39m\u001b[2m) // deep equality\u001b[22m\n\n\u001b[32m- Expected  - 3\u001b[39m\n\u001b[31m+ Received  + 2\u001b[39m\n\n\u001b[2m  Array [\u001b[22m\n\u001b[2m    \"TYPE StudentRecord\",\u001b[22m\n\u001b[2m    \"name : STRING\",\u001b[22m\n\u001b[2m    \"age : INTEGER\",\u001b[22m\n\u001b[32m-   \"grade : STRING\",\u001b[39m\n\u001b[2m    \"ENDTYPE\",\u001b[22m\n\u001b[2m    \"\",\u001b[22m\n\u001b[2m    \"student.name ← \\\"John\\\"\",\u001b[22m\n\u001b[2m    \"student.age ← 20\",\u001b[22m\n\u001b[32m-   \"OUTPUT student.name\",\u001b[39m\n\u001b[32m-   \"student.grade ← \\\"A\\\"\",\u001b[39m\n\u001b[31m+   \"OUTPUT student[\\\"name\\\"]\",\u001b[39m\n\u001b[31m+   \"// TODO: student[\\\"grade\\\"] = \\\"A\\\"\",\u001b[39m\n\u001b[2m  ]\u001b[22m\n    at Object.<anonymous> (/Users/shuna/pseudocode-converter/__tests__/python-igcse-parser.test.ts:880:25)\n    at Promise.then.completed (/Users/shuna/pseudocode-converter/node_modules/jest-circus/build/utils.js:298:28)\n    at new Promise (<anonymous>)\n    at callAsyncCircusFn (/Users/shuna/pseudocode-converter/node_modules/jest-circus/build/utils.js:231:10)\n    at _callCircusTest (/Users/shuna/pseudocode-converter/node_modules/jest-circus/build/run.js:316:40)\n    at _runTest (/Users/shuna/pseudocode-converter/node_modules/jest-circus/build/run.js:252:3)\n    at _runTestsForDescribeBlock (/Users/shuna/pseudocode-converter/node_modules/jest-circus/build/run.js:126:9)\n    at _runTestsForDescribeBlock (/Users/shuna/pseudocode-converter/node_modules/jest-circus/build/run.js:121:9)\n    at run (/Users/shuna/pseudocode-converter/node_modules/jest-circus/build/run.js:71:3)\n    at runAndTransformResultsToJestFormat (/Users/shuna/pseudocode-converter/node_modules/jest-circus/build/legacy-code-todo-rewrite/jestAdapterInit.js:122:21)\n    at jestAdapter (/Users/shuna/pseudocode-converter/node_modules/jest-circus/build/legacy-code-todo-rewrite/jestAdapter.js:79:19)\n    at runTestInternal (/Users/shuna/pseudocode-converter/node_modules/jest-runner/build/runTest.js:367:16)\n    at runTest (/Users/shuna/pseudocode-converter/node_modules/jest-runner/build/runTest.js:444:34)"],"fullName":"Python to IGCSE Pseudocode Parser should handle dictionary operations","invocations":1,"location":null,"numPassingAsserts":0,"retryReasons":[],"status":"failed","title":"should handle dictionary operations"},{"ancestorTitles":["Python to IGCSE Pseudocode Parser"],"duration":15,"failureDetails":[],"failureMessages":[],"fullName":"Python to IGCSE Pseudocode Parser should handle complex mathematical expressions","invocations":1,"location":null,"numPassingAsserts":1,"retryReasons":[],"status":"passed","title":"should handle complex mathematical expressions"},{"ancestorTitles":["Python to IGCSE Pseudocode Parser"],"duration":10,"failureDetails":[],"failureMessages":[],"fullName":"Python to IGCSE Pseudocode Parser should handle multiple variable assignment","invocations":1,"location":null,"numPassingAsserts":1,"retryReasons":[],"status":"passed","title":"should handle multiple variable assignment"},{"ancestorTitles":["Python to IGCSE Pseudocode Parser"],"duration":10,"failureDetails":[],"failureMessages":[],"fullName":"Python to IGCSE Pseudocode Parser should handle lambda functions","invocations":1,"location":null,"numPassingAsserts":1,"retryReasons":[],"status":"passed","title":"should handle lambda functions"},{"ancestorTitles":["Python to IGCSE Pseudocode Parser"],"duration":5,"failureDetails":[],"failureMessages":[],"fullName":"Python to IGCSE Pseudocode Parser should handle list comprehensions","invocations":1,"location":null,"numPassingAsserts":1,"retryReasons":[],"status":"passed","title":"should handle list comprehensions"},{"ancestorTitles":["Python to IGCSE Pseudocode Parser"],"duration":19,"failureDetails":[],"failureMessages":[],"fullName":"Python to IGCSE Pseudocode Parser should handle string methods","invocations":1,"location":null,"numPassingAsserts":1,"retryReasons":[],"status":"passed","title":"should handle string methods"},{"ancestorTitles":["Python to IGCSE Pseudocode Parser"],"duration":14,"failureDetails":[],"failureMessages":[],"fullName":"Python to IGCSE Pseudocode Parser should handle boolean values and operations","invocations":1,"location":null,"numPassingAsserts":1,"retryReasons":[],"status":"passed","title":"should handle boolean values and operations"},{"ancestorTitles":["Python to IGCSE Pseudocode Parser"],"duration":18,"failureDetails":[],"failureMessages":[],"fullName":"Python to IGCSE Pseudocode Parser should handle nested loops","invocations":1,"location":null,"numPassingAsserts":1,"retryReasons":[],"status":"passed","title":"should handle nested loops"}],"endTime":1748915739616,"message":"\u001b[1m\u001b[31m  \u001b[1m● \u001b[22m\u001b[1mPython to IGCSE Pseudocode Parser › should handle nested if statements\u001b[39m\u001b[22m\n\n    \u001b[2mexpect(\u001b[22m\u001b[31mreceived\u001b[39m\u001b[2m).\u001b[22mtoEqual\u001b[2m(\u001b[22m\u001b[32mexpected\u001b[39m\u001b[2m) // deep equality\u001b[22m\n\n    \u001b[32m- Expected  - 1\u001b[39m\n    \u001b[31m+ Received  + 2\u001b[39m\n\n    \u001b[33m@@ -2,10 +2,11 @@\u001b[39m\n    \u001b[2m    \"IF x > y THEN\",\u001b[22m\n    \u001b[2m    \"IF x > z THEN\",\u001b[22m\n    \u001b[2m    \"OUTPUT \\\"x is largest\\\"\",\u001b[22m\n    \u001b[2m    \"ELSE\",\u001b[22m\n    \u001b[2m    \"OUTPUT \\\"z is largest\\\"\",\u001b[22m\n    \u001b[32m-   \"ENDIF\",\u001b[39m\n    \u001b[2m    \"ELSE\",\u001b[22m\n    \u001b[31m+   \"ENDIF\",\u001b[39m\n    \u001b[2m    \"OUTPUT \\\"y might be largest\\\"\",\u001b[22m\n    \u001b[31m+   \"ENDIF\",\u001b[39m\n    \u001b[2m    \"ENDIF\",\u001b[22m\n    \u001b[2m  ]\u001b[22m\n\u001b[2m\u001b[22m\n\u001b[2m    \u001b[0m \u001b[90m 298 |\u001b[39m     console\u001b[33m.\u001b[39mlog(\u001b[32m'Actual:'\u001b[39m\u001b[33m,\u001b[39m actualLines)\u001b[33m;\u001b[39m\u001b[22m\n\u001b[2m     \u001b[90m 299 |\u001b[39m     console\u001b[33m.\u001b[39mlog(\u001b[32m'Expected:'\u001b[39m\u001b[33m,\u001b[39m expectedLines)\u001b[33m;\u001b[39m\u001b[22m\n\u001b[2m    \u001b[31m\u001b[1m>\u001b[22m\u001b[2m\u001b[39m\u001b[90m 300 |\u001b[39m     expect(actualLines)\u001b[33m.\u001b[39mtoEqual(expectedLines)\u001b[33m;\u001b[39m\u001b[22m\n\u001b[2m     \u001b[90m     |\u001b[39m                         \u001b[31m\u001b[1m^\u001b[22m\u001b[2m\u001b[39m\u001b[22m\n\u001b[2m     \u001b[90m 301 |\u001b[39m   })\u001b[33m;\u001b[39m\u001b[22m\n\u001b[2m     \u001b[90m 302 |\u001b[39m\u001b[22m\n\u001b[2m     \u001b[90m 303 |\u001b[39m   \u001b[90m// 8. FOR Loops\u001b[39m\u001b[0m\u001b[22m\n\u001b[2m\u001b[22m\n\u001b[2m      \u001b[2mat Object.<anonymous> (\u001b[22m\u001b[2m\u001b[0m\u001b[36m__tests__/python-igcse-parser.test.ts\u001b[39m\u001b[0m\u001b[2m:300:25)\u001b[22m\u001b[2m\u001b[22m\n\n\u001b[1m\u001b[31m  \u001b[1m● \u001b[22m\u001b[1mPython to IGCSE Pseudocode Parser › should handle function with return\u001b[39m\u001b[22m\n\n    \u001b[2mexpect(\u001b[22m\u001b[31mreceived\u001b[39m\u001b[2m).\u001b[22mtoEqual\u001b[2m(\u001b[22m\u001b[32mexpected\u001b[39m\u001b[2m) // deep equality\u001b[22m\n\n    \u001b[32m- Expected  - 1\u001b[39m\n    \u001b[31m+ Received  + 1\u001b[39m\n\n    \u001b[2m  Array [\u001b[22m\n    \u001b[32m-   \"FUNCTION Add(x : INTEGER, y : INTEGER) RETURNS INTEGER\",\u001b[39m\n    \u001b[31m+   \"FUNCTION Add(x : STRING, y : STRING) RETURNS INTEGER\",\u001b[39m\n    \u001b[2m    \"RETURN x + y\",\u001b[22m\n    \u001b[2m    \"ENDFUNCTION\",\u001b[22m\n    \u001b[2m  ]\u001b[22m\n\u001b[2m\u001b[22m\n\u001b[2m    \u001b[0m \u001b[90m 494 |\u001b[39m     console\u001b[33m.\u001b[39mlog(\u001b[32m'Actual:'\u001b[39m\u001b[33m,\u001b[39m actualLines)\u001b[33m;\u001b[39m\u001b[22m\n\u001b[2m     \u001b[90m 495 |\u001b[39m     console\u001b[33m.\u001b[39mlog(\u001b[32m'Expected:'\u001b[39m\u001b[33m,\u001b[39m expectedLines)\u001b[33m;\u001b[39m\u001b[22m\n\u001b[2m    \u001b[31m\u001b[1m>\u001b[22m\u001b[2m\u001b[39m\u001b[90m 496 |\u001b[39m     expect(actualLines)\u001b[33m.\u001b[39mtoEqual(expectedLines)\u001b[33m;\u001b[39m\u001b[22m\n\u001b[2m     \u001b[90m     |\u001b[39m                         \u001b[31m\u001b[1m^\u001b[22m\u001b[2m\u001b[39m\u001b[22m\n\u001b[2m     \u001b[90m 497 |\u001b[39m   })\u001b[33m;\u001b[39m\u001b[22m\n\u001b[2m     \u001b[90m 498 |\u001b[39m\u001b[22m\n\u001b[2m     \u001b[90m 499 |\u001b[39m   test(\u001b[32m'should handle function with multiple parameters and types'\u001b[39m\u001b[33m,\u001b[39m () \u001b[33m=>\u001b[39m {\u001b[0m\u001b[22m\n\u001b[2m\u001b[22m\n\u001b[2m      \u001b[2mat Object.<anonymous> (\u001b[22m\u001b[2m\u001b[0m\u001b[36m__tests__/python-igcse-parser.test.ts\u001b[39m\u001b[0m\u001b[2m:496:25)\u001b[22m\u001b[2m\u001b[22m\n\n\u001b[1m\u001b[31m  \u001b[1m● \u001b[22m\u001b[1mPython to IGCSE Pseudocode Parser › should handle function call\u001b[39m\u001b[22m\n\n    \u001b[2mexpect(\u001b[22m\u001b[31mreceived\u001b[39m\u001b[2m).\u001b[22mtoEqual\u001b[2m(\u001b[22m\u001b[32mexpected\u001b[39m\u001b[2m) // deep equality\u001b[22m\n\n    \u001b[32m- Expected  - 1\u001b[39m\n    \u001b[31m+ Received  + 1\u001b[39m\n\n    \u001b[2m  Array [\u001b[22m\n    \u001b[2m    \"result ← Add(5, 3)\",\u001b[22m\n    \u001b[32m-   \"CALL Greet(\\\"John\\\")\",\u001b[39m\n    \u001b[31m+   \"// TODO: greet(\\\"John\\\")\",\u001b[39m\n    \u001b[2m  ]\u001b[22m\n\u001b[2m\u001b[22m\n\u001b[2m    \u001b[0m \u001b[90m 544 |\u001b[39m     console\u001b[33m.\u001b[39mlog(\u001b[32m'Actual:'\u001b[39m\u001b[33m,\u001b[39m actualLines)\u001b[33m;\u001b[39m\u001b[22m\n\u001b[2m     \u001b[90m 545 |\u001b[39m     console\u001b[33m.\u001b[39mlog(\u001b[32m'Expected:'\u001b[39m\u001b[33m,\u001b[39m expectedLines)\u001b[33m;\u001b[39m\u001b[22m\n\u001b[2m    \u001b[31m\u001b[1m>\u001b[22m\u001b[2m\u001b[39m\u001b[90m 546 |\u001b[39m     expect(actualLines)\u001b[33m.\u001b[39mtoEqual(expectedLines)\u001b[33m;\u001b[39m\u001b[22m\n\u001b[2m     \u001b[90m     |\u001b[39m                         \u001b[31m\u001b[1m^\u001b[22m\u001b[2m\u001b[39m\u001b[22m\n\u001b[2m     \u001b[90m 547 |\u001b[39m   })\u001b[33m;\u001b[39m\u001b[22m\n\u001b[2m     \u001b[90m 548 |\u001b[39m\u001b[22m\n\u001b[2m     \u001b[90m 549 |\u001b[39m   \u001b[90m// 11. Arrays/Lists\u001b[39m\u001b[0m\u001b[22m\n\u001b[2m\u001b[22m\n\u001b[2m      \u001b[2mat Object.<anonymous> (\u001b[22m\u001b[2m\u001b[0m\u001b[36m__tests__/python-igcse-parser.test.ts\u001b[39m\u001b[0m\u001b[2m:546:25)\u001b[22m\u001b[2m\u001b[22m\n\n\u001b[1m\u001b[31m  \u001b[1m● \u001b[22m\u001b[1mPython to IGCSE Pseudocode Parser › should handle list declaration and access\u001b[39m\u001b[22m\n\n    \u001b[2mexpect(\u001b[22m\u001b[31mreceived\u001b[39m\u001b[2m).\u001b[22mtoEqual\u001b[2m(\u001b[22m\u001b[32mexpected\u001b[39m\u001b[2m) // deep equality\u001b[22m\n\n    \u001b[32m- Expected  - 7\u001b[39m\n    \u001b[31m+ Received  + 7\u001b[39m\n\n    \u001b[2m  Array [\u001b[22m\n    \u001b[32m-   \"DECLARE numbers : ARRAY[0:4] OF STRING\",\u001b[39m\n    \u001b[32m-   \"numbers[0] ← \\\"1\\\"\",\u001b[39m\n    \u001b[32m-   \"numbers[1] ← \\\"2\\\"\",\u001b[39m\n    \u001b[32m-   \"numbers[2] ← \\\"3\\\"\",\u001b[39m\n    \u001b[32m-   \"numbers[3] ← \\\"4\\\"\",\u001b[39m\n    \u001b[32m-   \"numbers[4] ← \\\"5\\\"\",\u001b[39m\n    \u001b[31m+   \"\",\u001b[39m\n    \u001b[31m+   \"numbers.0 ← 1\",\u001b[39m\n    \u001b[31m+   \"numbers.1 ← 2\",\u001b[39m\n    \u001b[31m+   \"numbers.2 ← 3\",\u001b[39m\n    \u001b[31m+   \"numbers.3 ← 4\",\u001b[39m\n    \u001b[31m+   \"numbers.4 ← 5\",\u001b[39m\n    \u001b[2m    \"first ← numbers[0]\",\u001b[22m\n    \u001b[32m-   \"numbers[1] ← \\\"10\\\"\",\u001b[39m\n    \u001b[31m+   \"numbers.1 ← 10\",\u001b[39m\n    \u001b[2m  ]\u001b[22m\n\u001b[2m\u001b[22m\n\u001b[2m    \u001b[0m \u001b[90m 573 |\u001b[39m     console\u001b[33m.\u001b[39mlog(\u001b[32m'Actual:'\u001b[39m\u001b[33m,\u001b[39m actualLines)\u001b[33m;\u001b[39m\u001b[22m\n\u001b[2m     \u001b[90m 574 |\u001b[39m     console\u001b[33m.\u001b[39mlog(\u001b[32m'Expected:'\u001b[39m\u001b[33m,\u001b[39m expectedLines)\u001b[33m;\u001b[39m\u001b[22m\n\u001b[2m    \u001b[31m\u001b[1m>\u001b[22m\u001b[2m\u001b[39m\u001b[90m 575 |\u001b[39m     expect(actualLines)\u001b[33m.\u001b[39mtoEqual(expectedLines)\u001b[33m;\u001b[39m\u001b[22m\n\u001b[2m     \u001b[90m     |\u001b[39m                         \u001b[31m\u001b[1m^\u001b[22m\u001b[2m\u001b[39m\u001b[22m\n\u001b[2m     \u001b[90m 576 |\u001b[39m   })\u001b[33m;\u001b[39m\u001b[22m\n\u001b[2m     \u001b[90m 577 |\u001b[39m\u001b[22m\n\u001b[2m     \u001b[90m 578 |\u001b[39m\u001b[0m\u001b[22m\n\u001b[2m\u001b[22m\n\u001b[2m      \u001b[2mat Object.<anonymous> (\u001b[22m\u001b[2m\u001b[0m\u001b[36m__tests__/python-igcse-parser.test.ts\u001b[39m\u001b[0m\u001b[2m:575:25)\u001b[22m\u001b[2m\u001b[22m\n\n\u001b[1m\u001b[31m  \u001b[1m● \u001b[22m\u001b[1mPython to IGCSE Pseudocode Parser › should handle list with mixed types\u001b[39m\u001b[22m\n\n    \u001b[2mexpect(\u001b[22m\u001b[31mreceived\u001b[39m\u001b[2m).\u001b[22mtoEqual\u001b[2m(\u001b[22m\u001b[32mexpected\u001b[39m\u001b[2m) // deep equality\u001b[22m\n\n    \u001b[32m- Expected  - 2\u001b[39m\n    \u001b[31m+ Received  + 2\u001b[39m\n\n    \u001b[2m  Array [\u001b[22m\n    \u001b[32m-   \"mixed[0] ← \\\"1\\\"\",\u001b[39m\n    \u001b[31m+   \"mixed[0] ← 1\",\u001b[39m\n    \u001b[2m    \"mixed[1] ← \\\"hello\\\"\",\u001b[22m\n    \u001b[32m-   \"mixed[2] ← \\\"TRUE\\\"\",\u001b[39m\n    \u001b[31m+   \"mixed[2] ← TRUE\",\u001b[39m\n    \u001b[2m  ]\u001b[22m\n\u001b[2m\u001b[22m\n\u001b[2m    \u001b[0m \u001b[90m 591 |\u001b[39m     console\u001b[33m.\u001b[39mlog(\u001b[32m'Actual:'\u001b[39m\u001b[33m,\u001b[39m actualLines)\u001b[33m;\u001b[39m\u001b[22m\n\u001b[2m     \u001b[90m 592 |\u001b[39m     console\u001b[33m.\u001b[39mlog(\u001b[32m'Expected:'\u001b[39m\u001b[33m,\u001b[39m expectedLines)\u001b[33m;\u001b[39m\u001b[22m\n\u001b[2m    \u001b[31m\u001b[1m>\u001b[22m\u001b[2m\u001b[39m\u001b[90m 593 |\u001b[39m     expect(actualLines)\u001b[33m.\u001b[39mtoEqual(expectedLines)\u001b[33m;\u001b[39m\u001b[22m\n\u001b[2m     \u001b[90m     |\u001b[39m                         \u001b[31m\u001b[1m^\u001b[22m\u001b[2m\u001b[39m\u001b[22m\n\u001b[2m     \u001b[90m 594 |\u001b[39m   })\u001b[33m;\u001b[39m\u001b[22m\n\u001b[2m     \u001b[90m 595 |\u001b[39m\u001b[22m\n\u001b[2m     \u001b[90m 596 |\u001b[39m   \u001b[90m// 12. Input/Output\u001b[39m\u001b[0m\u001b[22m\n\u001b[2m\u001b[22m\n\u001b[2m      \u001b[2mat Object.<anonymous> (\u001b[22m\u001b[2m\u001b[0m\u001b[36m__tests__/python-igcse-parser.test.ts\u001b[39m\u001b[0m\u001b[2m:593:25)\u001b[22m\u001b[2m\u001b[22m\n\n\u001b[1m\u001b[31m  \u001b[1m● \u001b[22m\u001b[1mPython to IGCSE Pseudocode Parser › should handle try-except block\u001b[39m\u001b[22m\n\n    \u001b[2mexpect(\u001b[22m\u001b[31mreceived\u001b[39m\u001b[2m).\u001b[22mtoEqual\u001b[2m(\u001b[22m\u001b[32mexpected\u001b[39m\u001b[2m) // deep equality\u001b[22m\n\n    \u001b[32m- Expected  - 3\u001b[39m\n    \u001b[31m+ Received  + 5\u001b[39m\n\n    \u001b[2m  Array [\u001b[22m\n    \u001b[32m-   \"IF variable x is defined THEN\",\u001b[39m\n    \u001b[31m+   \"// Error handling: try-except block\",\u001b[39m\n    \u001b[31m+   \"IF x ≠ 0 THEN\",\u001b[39m\n    \u001b[2m    \"OUTPUT x\",\u001b[22m\n    \u001b[31m+   \"END TRY\",\u001b[39m\n    \u001b[2m    \"ELSE\",\u001b[22m\n    \u001b[32m-   \"OUTPUT \\\"Variable not defined\\\"\",\u001b[39m\n    \u001b[32m-   \"ENDIF\",\u001b[39m\n    \u001b[31m+   \"OUTPUT \\\"Variable NOT defined\\\"\",\u001b[39m\n    \u001b[31m+   \"END EXCEPT\",\u001b[39m\n    \u001b[2m  ]\u001b[22m\n\u001b[2m\u001b[22m\n\u001b[2m    \u001b[0m \u001b[90m 673 |\u001b[39m     console\u001b[33m.\u001b[39mlog(\u001b[32m'Actual:'\u001b[39m\u001b[33m,\u001b[39m actualLines)\u001b[33m;\u001b[39m\u001b[22m\n\u001b[2m     \u001b[90m 674 |\u001b[39m     console\u001b[33m.\u001b[39mlog(\u001b[32m'Expected:'\u001b[39m\u001b[33m,\u001b[39m expectedLines)\u001b[33m;\u001b[39m\u001b[22m\n\u001b[2m    \u001b[31m\u001b[1m>\u001b[22m\u001b[2m\u001b[39m\u001b[90m 675 |\u001b[39m     expect(actualLines)\u001b[33m.\u001b[39mtoEqual(expectedLines)\u001b[33m;\u001b[39m\u001b[22m\n\u001b[2m     \u001b[90m     |\u001b[39m                         \u001b[31m\u001b[1m^\u001b[22m\u001b[2m\u001b[39m\u001b[22m\n\u001b[2m     \u001b[90m 676 |\u001b[39m   })\u001b[33m;\u001b[39m\u001b[22m\n\u001b[2m     \u001b[90m 677 |\u001b[39m\u001b[22m\n\u001b[2m     \u001b[90m 678 |\u001b[39m   test(\u001b[32m'should handle try-except-finally block'\u001b[39m\u001b[33m,\u001b[39m () \u001b[33m=>\u001b[39m {\u001b[0m\u001b[22m\n\u001b[2m\u001b[22m\n\u001b[2m      \u001b[2mat Object.<anonymous> (\u001b[22m\u001b[2m\u001b[0m\u001b[36m__tests__/python-igcse-parser.test.ts\u001b[39m\u001b[0m\u001b[2m:675:25)\u001b[22m\u001b[2m\u001b[22m\n\n\u001b[1m\u001b[31m  \u001b[1m● \u001b[22m\u001b[1mPython to IGCSE Pseudocode Parser › should handle try-except-finally block\u001b[39m\u001b[22m\n\n    \u001b[2mexpect(\u001b[22m\u001b[31mreceived\u001b[39m\u001b[2m).\u001b[22mtoEqual\u001b[2m(\u001b[22m\u001b[32mexpected\u001b[39m\u001b[2m) // deep equality\u001b[22m\n\n    \u001b[32m- Expected  - 7\u001b[39m\n    \u001b[31m+ Received  + 9\u001b[39m\n\n    \u001b[2m  Array [\u001b[22m\n    \u001b[32m-   \"// Error handling: try-except-finally block\",\u001b[39m\n    \u001b[32m-   \"OPENFILE \\\"data.txt\\\" FOR READ\",\u001b[39m\n    \u001b[32m-   \"IF file_exists THEN\",\u001b[39m\n    \u001b[32m-   \"READFILE \\\"data.txt\\\", data\",\u001b[39m\n    \u001b[31m+   \"// Error handling: try-except block\",\u001b[39m\n    \u001b[31m+   \"IF x ≠ 0 THEN\",\u001b[39m\n    \u001b[31m+   \"file ← Open(\\\"data.txt\\\")\",\u001b[39m\n    \u001b[31m+   \"data ← file.Read()\",\u001b[39m\n    \u001b[31m+   \"END TRY\",\u001b[39m\n    \u001b[2m    \"ELSE\",\u001b[22m\n    \u001b[32m-   \"OUTPUT \\\"File not found\\\"\",\u001b[39m\n    \u001b[32m-   \"ENDIF\",\u001b[39m\n    \u001b[31m+   \"OUTPUT \\\"File NOT found\\\"\",\u001b[39m\n    \u001b[31m+   \"END EXCEPT\",\u001b[39m\n    \u001b[31m+   \"// Finally block\",\u001b[39m\n    \u001b[2m    \"OUTPUT \\\"Cleanup\\\"\",\u001b[22m\n    \u001b[32m-   \"CLOSEFILE \\\"data.txt\\\"\",\u001b[39m\n    \u001b[31m+   \"END FINALLY\",\u001b[39m\n    \u001b[2m  ]\u001b[22m\n\u001b[2m\u001b[22m\n\u001b[2m    \u001b[0m \u001b[90m 701 |\u001b[39m     console\u001b[33m.\u001b[39mlog(\u001b[32m'Actual:'\u001b[39m\u001b[33m,\u001b[39m actualLines)\u001b[33m;\u001b[39m\u001b[22m\n\u001b[2m     \u001b[90m 702 |\u001b[39m     console\u001b[33m.\u001b[39mlog(\u001b[32m'Expected:'\u001b[39m\u001b[33m,\u001b[39m expectedLines)\u001b[33m;\u001b[39m\u001b[22m\n\u001b[2m    \u001b[31m\u001b[1m>\u001b[22m\u001b[2m\u001b[39m\u001b[90m 703 |\u001b[39m     expect(actualLines)\u001b[33m.\u001b[39mtoEqual(expectedLines)\u001b[33m;\u001b[39m\u001b[22m\n\u001b[2m     \u001b[90m     |\u001b[39m                         \u001b[31m\u001b[1m^\u001b[22m\u001b[2m\u001b[39m\u001b[22m\n\u001b[2m     \u001b[90m 704 |\u001b[39m   })\u001b[33m;\u001b[39m\u001b[22m\n\u001b[2m     \u001b[90m 705 |\u001b[39m\u001b[22m\n\u001b[2m     \u001b[90m 706 |\u001b[39m   \u001b[90m// 15. Classes (Object-Oriented Programming)\u001b[39m\u001b[0m\u001b[22m\n\u001b[2m\u001b[22m\n\u001b[2m      \u001b[2mat Object.<anonymous> (\u001b[22m\u001b[2m\u001b[0m\u001b[36m__tests__/python-igcse-parser.test.ts\u001b[39m\u001b[0m\u001b[2m:703:25)\u001b[22m\u001b[2m\u001b[22m\n\n\u001b[1m\u001b[31m  \u001b[1m● \u001b[22m\u001b[1mPython to IGCSE Pseudocode Parser › should handle class definition\u001b[39m\u001b[22m\n\n    TypeError: Cannot read properties of undefined (reading 'trim')\n\u001b[2m\u001b[22m\n\u001b[2m    \u001b[0m \u001b[90m 173 |\u001b[39m       \u001b[36mconst\u001b[39m selfAssignmentMatch \u001b[33m=\u001b[39m lineToConvert\u001b[33m.\u001b[39mmatch(\u001b[33mPATTERNS\u001b[39m\u001b[33m.\u001b[39m\u001b[33mSELF_ASSIGNMENT\u001b[39m)\u001b[33m;\u001b[39m\u001b[22m\n\u001b[2m     \u001b[90m 174 |\u001b[39m       \u001b[36mif\u001b[39m (selfAssignmentMatch) {\u001b[22m\n\u001b[2m    \u001b[31m\u001b[1m>\u001b[22m\u001b[2m\u001b[39m\u001b[90m 175 |\u001b[39m         \u001b[36mconst\u001b[39m attributeName \u001b[33m=\u001b[39m selfAssignmentMatch[\u001b[35m1\u001b[39m]\u001b[33m.\u001b[39mtrim()\u001b[33m;\u001b[39m\u001b[22m\n\u001b[2m     \u001b[90m     |\u001b[39m                                                      \u001b[31m\u001b[1m^\u001b[22m\u001b[2m\u001b[39m\u001b[22m\n\u001b[2m     \u001b[90m 176 |\u001b[39m         \u001b[90m// We'll infer type later or default to STRING for now\u001b[39m\u001b[22m\n\u001b[2m     \u001b[90m 177 |\u001b[39m         \u001b[36mif\u001b[39m (\u001b[33m!\u001b[39m\u001b[36mthis\u001b[39m\u001b[33m.\u001b[39mstate\u001b[33m.\u001b[39mclassAttributes\u001b[33m?\u001b[39m\u001b[33m.\u001b[39mhas(currentClassBlock\u001b[33m.\u001b[39mident)) {\u001b[22m\n\u001b[2m     \u001b[90m 178 |\u001b[39m           \u001b[36mthis\u001b[39m\u001b[33m.\u001b[39mstate\u001b[33m.\u001b[39mclassAttributes\u001b[33m?\u001b[39m\u001b[33m.\u001b[39m\u001b[36mset\u001b[39m(currentClassBlock\u001b[33m.\u001b[39mident\u001b[33m,\u001b[39m [])\u001b[33m;\u001b[39m\u001b[0m\u001b[22m\n\u001b[2m\u001b[22m\n\u001b[2m      \u001b[2mat IGCSEPseudocodeParser.processLine (\u001b[22m\u001b[2mlib/python-igcse/parser.ts\u001b[2m:175:54)\u001b[22m\u001b[2m\u001b[22m\n\u001b[2m      \u001b[2mat \u001b[22m\u001b[2mlib/python-igcse/parser.ts\u001b[2m:31:32\u001b[22m\u001b[2m\u001b[22m\n\u001b[2m          at Array.forEach (<anonymous>)\u001b[22m\n\u001b[2m      \u001b[2mat IGCSEPseudocodeParser.parse (\u001b[22m\u001b[2mlib/python-igcse/parser.ts\u001b[2m:31:11)\u001b[22m\u001b[2m\u001b[22m\n\u001b[2m      \u001b[2mat pythonToIGCSEPseudocode (\u001b[22m\u001b[2mlib/python-to-pseudocode-parser-igcse.js\u001b[2m:13:19)\u001b[22m\u001b[2m\u001b[22m\n\u001b[2m      \u001b[2mat Object.<anonymous> (\u001b[22m\u001b[2m\u001b[0m\u001b[36m__tests__/python-igcse-parser.test.ts\u001b[39m\u001b[0m\u001b[2m:725:43)\u001b[22m\u001b[2m\u001b[22m\n\n\u001b[1m\u001b[31m  \u001b[1m● \u001b[22m\u001b[1mPython to IGCSE Pseudocode Parser › should handle class inheritance\u001b[39m\u001b[22m\n\n    TypeError: Cannot read properties of undefined (reading 'trim')\n\u001b[2m\u001b[22m\n\u001b[2m    \u001b[0m \u001b[90m 173 |\u001b[39m       \u001b[36mconst\u001b[39m selfAssignmentMatch \u001b[33m=\u001b[39m lineToConvert\u001b[33m.\u001b[39mmatch(\u001b[33mPATTERNS\u001b[39m\u001b[33m.\u001b[39m\u001b[33mSELF_ASSIGNMENT\u001b[39m)\u001b[33m;\u001b[39m\u001b[22m\n\u001b[2m     \u001b[90m 174 |\u001b[39m       \u001b[36mif\u001b[39m (selfAssignmentMatch) {\u001b[22m\n\u001b[2m    \u001b[31m\u001b[1m>\u001b[22m\u001b[2m\u001b[39m\u001b[90m 175 |\u001b[39m         \u001b[36mconst\u001b[39m attributeName \u001b[33m=\u001b[39m selfAssignmentMatch[\u001b[35m1\u001b[39m]\u001b[33m.\u001b[39mtrim()\u001b[33m;\u001b[39m\u001b[22m\n\u001b[2m     \u001b[90m     |\u001b[39m                                                      \u001b[31m\u001b[1m^\u001b[22m\u001b[2m\u001b[39m\u001b[22m\n\u001b[2m     \u001b[90m 176 |\u001b[39m         \u001b[90m// We'll infer type later or default to STRING for now\u001b[39m\u001b[22m\n\u001b[2m     \u001b[90m 177 |\u001b[39m         \u001b[36mif\u001b[39m (\u001b[33m!\u001b[39m\u001b[36mthis\u001b[39m\u001b[33m.\u001b[39mstate\u001b[33m.\u001b[39mclassAttributes\u001b[33m?\u001b[39m\u001b[33m.\u001b[39mhas(currentClassBlock\u001b[33m.\u001b[39mident)) {\u001b[22m\n\u001b[2m     \u001b[90m 178 |\u001b[39m           \u001b[36mthis\u001b[39m\u001b[33m.\u001b[39mstate\u001b[33m.\u001b[39mclassAttributes\u001b[33m?\u001b[39m\u001b[33m.\u001b[39m\u001b[36mset\u001b[39m(currentClassBlock\u001b[33m.\u001b[39mident\u001b[33m,\u001b[39m [])\u001b[33m;\u001b[39m\u001b[0m\u001b[22m\n\u001b[2m\u001b[22m\n\u001b[2m      \u001b[2mat IGCSEPseudocodeParser.processLine (\u001b[22m\u001b[2mlib/python-igcse/parser.ts\u001b[2m:175:54)\u001b[22m\u001b[2m\u001b[22m\n\u001b[2m      \u001b[2mat \u001b[22m\u001b[2mlib/python-igcse/parser.ts\u001b[2m:31:32\u001b[22m\u001b[2m\u001b[22m\n\u001b[2m          at Array.forEach (<anonymous>)\u001b[22m\n\u001b[2m      \u001b[2mat IGCSEPseudocodeParser.parse (\u001b[22m\u001b[2mlib/python-igcse/parser.ts\u001b[2m:31:11)\u001b[22m\u001b[2m\u001b[22m\n\u001b[2m      \u001b[2mat pythonToIGCSEPseudocode (\u001b[22m\u001b[2mlib/python-to-pseudocode-parser-igcse.js\u001b[2m:13:19)\u001b[22m\u001b[2m\u001b[22m\n\u001b[2m      \u001b[2mat Object.<anonymous> (\u001b[22m\u001b[2m\u001b[0m\u001b[36m__tests__/python-igcse-parser.test.ts\u001b[39m\u001b[0m\u001b[2m:745:43)\u001b[22m\u001b[2m\u001b[22m\n\n\u001b[1m\u001b[31m  \u001b[1m● \u001b[22m\u001b[1mPython to IGCSE Pseudocode Parser › should handle object instantiation and method calls\u001b[39m\u001b[22m\n\n    \u001b[2mexpect(\u001b[22m\u001b[31mreceived\u001b[39m\u001b[2m).\u001b[22mtoEqual\u001b[2m(\u001b[22m\u001b[32mexpected\u001b[39m\u001b[2m) // deep equality\u001b[22m\n\n    \u001b[32m- Expected  - 3\u001b[39m\n    \u001b[31m+ Received  + 2\u001b[39m\n\n    \u001b[2m  Array [\u001b[22m\n    \u001b[32m-   \"DECLARE my_dog : Dog\",\u001b[39m\n    \u001b[32m-   \"my_dog ← NEW Dog(\\\"Buddy\\\")\",\u001b[39m\n    \u001b[32m-   \"CALL my_dog.Speak()\",\u001b[39m\n    \u001b[31m+   \"my_dog ← Dog(\\\"Buddy\\\")\",\u001b[39m\n    \u001b[31m+   \"// TODO: my_dog.speak()\",\u001b[39m\n    \u001b[2m  ]\u001b[22m\n\u001b[2m\u001b[22m\n\u001b[2m    \u001b[0m \u001b[90m 768 |\u001b[39m     console\u001b[33m.\u001b[39mlog(\u001b[32m'Actual:'\u001b[39m\u001b[33m,\u001b[39m actualLines)\u001b[33m;\u001b[39m\u001b[22m\n\u001b[2m     \u001b[90m 769 |\u001b[39m     console\u001b[33m.\u001b[39mlog(\u001b[32m'Expected:'\u001b[39m\u001b[33m,\u001b[39m expectedLines)\u001b[33m;\u001b[39m\u001b[22m\n\u001b[2m    \u001b[31m\u001b[1m>\u001b[22m\u001b[2m\u001b[39m\u001b[90m 770 |\u001b[39m     expect(actualLines)\u001b[33m.\u001b[39mtoEqual(expectedLines)\u001b[33m;\u001b[39m\u001b[22m\n\u001b[2m     \u001b[90m     |\u001b[39m                         \u001b[31m\u001b[1m^\u001b[22m\u001b[2m\u001b[39m\u001b[22m\n\u001b[2m     \u001b[90m 771 |\u001b[39m   })\u001b[33m;\u001b[39m\u001b[22m\n\u001b[2m     \u001b[90m 772 |\u001b[39m\u001b[22m\n\u001b[2m     \u001b[90m 773 |\u001b[39m   \u001b[90m// 16. File Handling\u001b[39m\u001b[0m\u001b[22m\n\u001b[2m\u001b[22m\n\u001b[2m      \u001b[2mat Object.<anonymous> (\u001b[22m\u001b[2m\u001b[0m\u001b[36m__tests__/python-igcse-parser.test.ts\u001b[39m\u001b[0m\u001b[2m:770:25)\u001b[22m\u001b[2m\u001b[22m\n\n\u001b[1m\u001b[31m  \u001b[1m● \u001b[22m\u001b[1mPython to IGCSE Pseudocode Parser › should handle file operations\u001b[39m\u001b[22m\n\n    \u001b[2mexpect(\u001b[22m\u001b[31mreceived\u001b[39m\u001b[2m).\u001b[22mtoEqual\u001b[2m(\u001b[22m\u001b[32mexpected\u001b[39m\u001b[2m) // deep equality\u001b[22m\n\n    \u001b[32m- Expected  - 6\u001b[39m\n    \u001b[31m+ Received  + 4\u001b[39m\n\n    \u001b[2m  Array [\u001b[22m\n    \u001b[32m-   \"OPENFILE \\\"input.txt\\\" FOR READ\",\u001b[39m\n    \u001b[32m-   \"WHILE NOT EOF(\\\"input.txt\\\")\",\u001b[39m\n    \u001b[32m-   \"READFILE \\\"input.txt\\\", line\",\u001b[39m\n    \u001b[32m-   \"OUTPUT line\",\u001b[39m\n    \u001b[32m-   \"ENDWHILE\",\u001b[39m\n    \u001b[32m-   \"CLOSEFILE \\\"input.txt\\\"\",\u001b[39m\n    \u001b[31m+   \"// TODO: with open(\\\"input.txt\\\", \\\"r\\\") as file:\",\u001b[39m\n    \u001b[31m+   \"FOR EACH line IN file\",\u001b[39m\n    \u001b[31m+   \"OUTPUT line.strip(\",\u001b[39m\n    \u001b[31m+   \"NEXT line\",\u001b[39m\n    \u001b[2m  ]\u001b[22m\n\u001b[2m\u001b[22m\n\u001b[2m    \u001b[0m \u001b[90m 790 |\u001b[39m     console\u001b[33m.\u001b[39mlog(\u001b[32m'Actual:'\u001b[39m\u001b[33m,\u001b[39m actualLines)\u001b[33m;\u001b[39m\u001b[22m\n\u001b[2m     \u001b[90m 791 |\u001b[39m     console\u001b[33m.\u001b[39mlog(\u001b[32m'Expected:'\u001b[39m\u001b[33m,\u001b[39m expectedLines)\u001b[33m;\u001b[39m\u001b[22m\n\u001b[2m    \u001b[31m\u001b[1m>\u001b[22m\u001b[2m\u001b[39m\u001b[90m 792 |\u001b[39m     expect(actualLines)\u001b[33m.\u001b[39mtoEqual(expectedLines)\u001b[33m;\u001b[39m\u001b[22m\n\u001b[2m     \u001b[90m     |\u001b[39m                         \u001b[31m\u001b[1m^\u001b[22m\u001b[2m\u001b[39m\u001b[22m\n\u001b[2m     \u001b[90m 793 |\u001b[39m   })\u001b[33m;\u001b[39m\u001b[22m\n\u001b[2m     \u001b[90m 794 |\u001b[39m\u001b[22m\n\u001b[2m     \u001b[90m 795 |\u001b[39m   test(\u001b[32m'should handle file writing'\u001b[39m\u001b[33m,\u001b[39m () \u001b[33m=>\u001b[39m {\u001b[0m\u001b[22m\n\u001b[2m\u001b[22m\n\u001b[2m      \u001b[2mat Object.<anonymous> (\u001b[22m\u001b[2m\u001b[0m\u001b[36m__tests__/python-igcse-parser.test.ts\u001b[39m\u001b[0m\u001b[2m:792:25)\u001b[22m\u001b[2m\u001b[22m\n\n\u001b[1m\u001b[31m  \u001b[1m● \u001b[22m\u001b[1mPython to IGCSE Pseudocode Parser › should handle file writing\u001b[39m\u001b[22m\n\n    \u001b[2mexpect(\u001b[22m\u001b[31mreceived\u001b[39m\u001b[2m).\u001b[22mtoEqual\u001b[2m(\u001b[22m\u001b[32mexpected\u001b[39m\u001b[2m) // deep equality\u001b[22m\n\n    \u001b[32m- Expected  - 4\u001b[39m\n    \u001b[31m+ Received  + 3\u001b[39m\n\n    \u001b[2m  Array [\u001b[22m\n    \u001b[32m-   \"OPENFILE \\\"output.txt\\\" FOR WRITE\",\u001b[39m\n    \u001b[32m-   \"WRITEFILE \\\"output.txt\\\", \\\"Hello World\\\"\",\u001b[39m\n    \u001b[32m-   \"WRITEFILE \\\"output.txt\\\", number\",\u001b[39m\n    \u001b[32m-   \"CLOSEFILE \\\"output.txt\\\"\",\u001b[39m\n    \u001b[31m+   \"// TODO: with open(\\\"output.txt\\\", \\\"w\\\") as file:\",\u001b[39m\n    \u001b[31m+   \"// TODO: file.write(\\\"Hello World\\\")\",\u001b[39m\n    \u001b[31m+   \"// TODO: file.write(str(number))\",\u001b[39m\n    \u001b[2m  ]\u001b[22m\n\u001b[2m\u001b[22m\n\u001b[2m    \u001b[0m \u001b[90m 809 |\u001b[39m     console\u001b[33m.\u001b[39mlog(\u001b[32m'Actual:'\u001b[39m\u001b[33m,\u001b[39m actualLines)\u001b[33m;\u001b[39m\u001b[22m\n\u001b[2m     \u001b[90m 810 |\u001b[39m     console\u001b[33m.\u001b[39mlog(\u001b[32m'Expected:'\u001b[39m\u001b[33m,\u001b[39m expectedLines)\u001b[33m;\u001b[39m\u001b[22m\n\u001b[2m    \u001b[31m\u001b[1m>\u001b[22m\u001b[2m\u001b[39m\u001b[90m 811 |\u001b[39m     expect(actualLines)\u001b[33m.\u001b[39mtoEqual(expectedLines)\u001b[33m;\u001b[39m\u001b[22m\n\u001b[2m     \u001b[90m     |\u001b[39m                         \u001b[31m\u001b[1m^\u001b[22m\u001b[2m\u001b[39m\u001b[22m\n\u001b[2m     \u001b[90m 812 |\u001b[39m   })\u001b[33m;\u001b[39m\u001b[22m\n\u001b[2m     \u001b[90m 813 |\u001b[39m\u001b[22m\n\u001b[2m     \u001b[90m 814 |\u001b[39m   \u001b[90m// 17. Advanced Control Structures\u001b[39m\u001b[0m\u001b[22m\n\u001b[2m\u001b[22m\n\u001b[2m      \u001b[2mat Object.<anonymous> (\u001b[22m\u001b[2m\u001b[0m\u001b[36m__tests__/python-igcse-parser.test.ts\u001b[39m\u001b[0m\u001b[2m:811:25)\u001b[22m\u001b[2m\u001b[22m\n\n\u001b[1m\u001b[31m  \u001b[1m● \u001b[22m\u001b[1mPython to IGCSE Pseudocode Parser › should handle break and continue in loops\u001b[39m\u001b[22m\n\n    \u001b[2mexpect(\u001b[22m\u001b[31mreceived\u001b[39m\u001b[2m).\u001b[22mtoEqual\u001b[2m(\u001b[22m\u001b[32mexpected\u001b[39m\u001b[2m) // deep equality\u001b[22m\n\n    \u001b[32m- Expected  - 2\u001b[39m\n    \u001b[31m+ Received  + 2\u001b[39m\n\n    \u001b[2m  Array [\u001b[22m\n    \u001b[2m    \"FOR i ← 0 TO 9\",\u001b[22m\n    \u001b[2m    \"IF i = 5 THEN\",\u001b[22m\n    \u001b[2m    \"EXIT FOR\",\u001b[22m\n    \u001b[31m+   \"ENDIF\",\u001b[39m\n    \u001b[2m    \"IF i MOD 2 = 0 THEN\",\u001b[22m\n    \u001b[2m    \"NEXT i\",\u001b[22m\n    \u001b[32m-   \"OUTPUT i\",\u001b[39m\n    \u001b[32m-   \"ENDIF\",\u001b[39m\n    \u001b[2m    \"ENDIF\",\u001b[22m\n    \u001b[31m+   \"OUTPUT i\",\u001b[39m\n    \u001b[2m    \"NEXT i\",\u001b[22m\n    \u001b[2m  ]\u001b[22m\n\u001b[2m\u001b[22m\n\u001b[2m    \u001b[0m \u001b[90m 852 |\u001b[39m     console\u001b[33m.\u001b[39mlog(\u001b[32m'Actual:'\u001b[39m\u001b[33m,\u001b[39m actualLines)\u001b[33m;\u001b[39m\u001b[22m\n\u001b[2m     \u001b[90m 853 |\u001b[39m     console\u001b[33m.\u001b[39mlog(\u001b[32m'Expected:'\u001b[39m\u001b[33m,\u001b[39m expectedLines)\u001b[33m;\u001b[39m\u001b[22m\n\u001b[2m    \u001b[31m\u001b[1m>\u001b[22m\u001b[2m\u001b[39m\u001b[90m 854 |\u001b[39m     expect(actualLines)\u001b[33m.\u001b[39mtoEqual(expectedLines)\u001b[33m;\u001b[39m\u001b[22m\n\u001b[2m     \u001b[90m     |\u001b[39m                         \u001b[31m\u001b[1m^\u001b[22m\u001b[2m\u001b[39m\u001b[22m\n\u001b[2m     \u001b[90m 855 |\u001b[39m   })\u001b[33m;\u001b[39m\u001b[22m\n\u001b[2m     \u001b[90m 856 |\u001b[39m\u001b[22m\n\u001b[2m     \u001b[90m 857 |\u001b[39m   \u001b[90m// 18. Dictionary/Record-like structures\u001b[39m\u001b[0m\u001b[22m\n\u001b[2m\u001b[22m\n\u001b[2m      \u001b[2mat Object.<anonymous> (\u001b[22m\u001b[2m\u001b[0m\u001b[36m__tests__/python-igcse-parser.test.ts\u001b[39m\u001b[0m\u001b[2m:854:25)\u001b[22m\u001b[2m\u001b[22m\n\n\u001b[1m\u001b[31m  \u001b[1m● \u001b[22m\u001b[1mPython to IGCSE Pseudocode Parser › should handle dictionary operations\u001b[39m\u001b[22m\n\n    \u001b[2mexpect(\u001b[22m\u001b[31mreceived\u001b[39m\u001b[2m).\u001b[22mtoEqual\u001b[2m(\u001b[22m\u001b[32mexpected\u001b[39m\u001b[2m) // deep equality\u001b[22m\n\n    \u001b[32m- Expected  - 3\u001b[39m\n    \u001b[31m+ Received  + 2\u001b[39m\n\n    \u001b[2m  Array [\u001b[22m\n    \u001b[2m    \"TYPE StudentRecord\",\u001b[22m\n    \u001b[2m    \"name : STRING\",\u001b[22m\n    \u001b[2m    \"age : INTEGER\",\u001b[22m\n    \u001b[32m-   \"grade : STRING\",\u001b[39m\n    \u001b[2m    \"ENDTYPE\",\u001b[22m\n    \u001b[2m    \"\",\u001b[22m\n    \u001b[2m    \"student.name ← \\\"John\\\"\",\u001b[22m\n    \u001b[2m    \"student.age ← 20\",\u001b[22m\n    \u001b[32m-   \"OUTPUT student.name\",\u001b[39m\n    \u001b[32m-   \"student.grade ← \\\"A\\\"\",\u001b[39m\n    \u001b[31m+   \"OUTPUT student[\\\"name\\\"]\",\u001b[39m\n    \u001b[31m+   \"// TODO: student[\\\"grade\\\"] = \\\"A\\\"\",\u001b[39m\n    \u001b[2m  ]\u001b[22m\n\u001b[2m\u001b[22m\n\u001b[2m    \u001b[0m \u001b[90m 878 |\u001b[39m     console\u001b[33m.\u001b[39mlog(\u001b[32m'Actual:'\u001b[39m\u001b[33m,\u001b[39m actualLines)\u001b[33m;\u001b[39m\u001b[22m\n\u001b[2m     \u001b[90m 879 |\u001b[39m     console\u001b[33m.\u001b[39mlog(\u001b[32m'Expected:'\u001b[39m\u001b[33m,\u001b[39m expectedLines)\u001b[33m;\u001b[39m\u001b[22m\n\u001b[2m    \u001b[31m\u001b[1m>\u001b[22m\u001b[2m\u001b[39m\u001b[90m 880 |\u001b[39m     expect(actualLines)\u001b[33m.\u001b[39mtoEqual(expectedLines)\u001b[33m;\u001b[39m\u001b[22m\n\u001b[2m     \u001b[90m     |\u001b[39m                         \u001b[31m\u001b[1m^\u001b[22m\u001b[2m\u001b[39m\u001b[22m\n\u001b[2m     \u001b[90m 881 |\u001b[39m   })\u001b[33m;\u001b[39m\u001b[22m\n\u001b[2m     \u001b[90m 882 |\u001b[39m\u001b[22m\n\u001b[2m     \u001b[90m 883 |\u001b[39m   \u001b[90m// 19. Complex Expressions\u001b[39m\u001b[0m\u001b[22m\n\u001b[2m\u001b[22m\n\u001b[2m      \u001b[2mat Object.<anonymous> (\u001b[22m\u001b[2m\u001b[0m\u001b[36m__tests__/python-igcse-parser.test.ts\u001b[39m\u001b[0m\u001b[2m:880:25)\u001b[22m\u001b[2m\u001b[22m\n","name":"/Users/shuna/pseudocode-converter/__tests__/python-igcse-parser.test.ts","startTime":1748915738759,"status":"failed","summary":""}],"wasInterrupted":false}
